{"/media/2TA/DevStuff/papad/papadam/ui/src/lib/api.test.ts": {"path":"/media/2TA/DevStuff/papad/papadam/ui/src/lib/api.test.ts","all":false,"statementMap":{"0":{"start":{"line":1,"column":0},"end":{"line":1,"column":3}},"7":{"start":{"line":8,"column":0},"end":{"line":8,"column":62}},"10":{"start":{"line":11,"column":0},"end":{"line":11,"column":42}},"11":{"start":{"line":12,"column":0},"end":{"line":12,"column":32}},"12":{"start":{"line":13,"column":0},"end":{"line":13,"column":3}},"49":{"start":{"line":50,"column":0},"end":{"line":50,"column":24}},"50":{"start":{"line":51,"column":0},"end":{"line":51,"column":19}},"51":{"start":{"line":52,"column":0},"end":{"line":52,"column":21}},"52":{"start":{"line":53,"column":0},"end":{"line":53,"column":4}},"54":{"start":{"line":55,"column":0},"end":{"line":55,"column":47}},"55":{"start":{"line":56,"column":0},"end":{"line":56,"column":32}},"56":{"start":{"line":57,"column":0},"end":{"line":57,"column":67}},"57":{"start":{"line":58,"column":0},"end":{"line":58,"column":21}},"58":{"start":{"line":59,"column":0},"end":{"line":59,"column":21}},"59":{"start":{"line":60,"column":0},"end":{"line":60,"column":5}},"60":{"start":{"line":61,"column":0},"end":{"line":61,"column":4}},"62":{"start":{"line":63,"column":0},"end":{"line":63,"column":38}},"63":{"start":{"line":64,"column":0},"end":{"line":64,"column":12}},"64":{"start":{"line":65,"column":0},"end":{"line":65,"column":63}},"65":{"start":{"line":66,"column":0},"end":{"line":66,"column":4}},"67":{"start":{"line":68,"column":0},"end":{"line":68,"column":50}},"68":{"start":{"line":69,"column":0},"end":{"line":69,"column":30}},"69":{"start":{"line":70,"column":0},"end":{"line":70,"column":95}},"70":{"start":{"line":71,"column":0},"end":{"line":71,"column":4}},"72":{"start":{"line":73,"column":0},"end":{"line":73,"column":45}},"73":{"start":{"line":74,"column":0},"end":{"line":74,"column":17}},"74":{"start":{"line":75,"column":0},"end":{"line":75,"column":19}},"75":{"start":{"line":76,"column":0},"end":{"line":76,"column":21}},"76":{"start":{"line":77,"column":0},"end":{"line":77,"column":28}},"77":{"start":{"line":78,"column":0},"end":{"line":78,"column":21}},"78":{"start":{"line":79,"column":0},"end":{"line":79,"column":21}},"79":{"start":{"line":80,"column":0},"end":{"line":80,"column":5}},"80":{"start":{"line":81,"column":0},"end":{"line":81,"column":62}},"81":{"start":{"line":82,"column":0},"end":{"line":82,"column":19}},"82":{"start":{"line":83,"column":0},"end":{"line":83,"column":21}},"83":{"start":{"line":84,"column":0},"end":{"line":84,"column":28}},"84":{"start":{"line":85,"column":0},"end":{"line":85,"column":21}},"85":{"start":{"line":86,"column":0},"end":{"line":86,"column":21}},"86":{"start":{"line":87,"column":0},"end":{"line":87,"column":5}},"87":{"start":{"line":88,"column":0},"end":{"line":88,"column":4}},"88":{"start":{"line":89,"column":0},"end":{"line":89,"column":3}},"90":{"start":{"line":91,"column":0},"end":{"line":91,"column":26}},"91":{"start":{"line":92,"column":0},"end":{"line":92,"column":19}},"92":{"start":{"line":93,"column":0},"end":{"line":93,"column":21}},"93":{"start":{"line":94,"column":0},"end":{"line":94,"column":4}},"95":{"start":{"line":96,"column":0},"end":{"line":96,"column":39}},"96":{"start":{"line":97,"column":0},"end":{"line":97,"column":16}},"97":{"start":{"line":98,"column":0},"end":{"line":98,"column":85}},"98":{"start":{"line":99,"column":0},"end":{"line":99,"column":4}},"100":{"start":{"line":101,"column":0},"end":{"line":101,"column":43}},"101":{"start":{"line":102,"column":0},"end":{"line":102,"column":17}},"102":{"start":{"line":103,"column":0},"end":{"line":103,"column":65}},"103":{"start":{"line":104,"column":0},"end":{"line":104,"column":4}},"105":{"start":{"line":106,"column":0},"end":{"line":106,"column":45}},"106":{"start":{"line":107,"column":0},"end":{"line":107,"column":39}},"107":{"start":{"line":108,"column":0},"end":{"line":108,"column":86}},"108":{"start":{"line":109,"column":0},"end":{"line":109,"column":4}},"110":{"start":{"line":111,"column":0},"end":{"line":111,"column":49}},"111":{"start":{"line":112,"column":0},"end":{"line":112,"column":40}},"112":{"start":{"line":113,"column":0},"end":{"line":113,"column":87}},"113":{"start":{"line":114,"column":0},"end":{"line":114,"column":4}},"115":{"start":{"line":116,"column":0},"end":{"line":116,"column":49}},"116":{"start":{"line":117,"column":0},"end":{"line":117,"column":19}},"117":{"start":{"line":118,"column":0},"end":{"line":118,"column":67}},"118":{"start":{"line":119,"column":0},"end":{"line":119,"column":4}},"119":{"start":{"line":120,"column":0},"end":{"line":120,"column":3}},"121":{"start":{"line":122,"column":0},"end":{"line":122,"column":27}},"122":{"start":{"line":123,"column":0},"end":{"line":123,"column":19}},"123":{"start":{"line":124,"column":0},"end":{"line":124,"column":21}},"124":{"start":{"line":125,"column":0},"end":{"line":125,"column":4}},"126":{"start":{"line":127,"column":0},"end":{"line":127,"column":65}},"127":{"start":{"line":128,"column":0},"end":{"line":128,"column":79}},"128":{"start":{"line":129,"column":0},"end":{"line":129,"column":65}},"129":{"start":{"line":130,"column":0},"end":{"line":130,"column":73}},"130":{"start":{"line":131,"column":0},"end":{"line":131,"column":5}},"131":{"start":{"line":132,"column":0},"end":{"line":132,"column":4}},"133":{"start":{"line":134,"column":0},"end":{"line":134,"column":47}},"134":{"start":{"line":135,"column":0},"end":{"line":135,"column":25}},"135":{"start":{"line":136,"column":0},"end":{"line":136,"column":72}},"136":{"start":{"line":137,"column":0},"end":{"line":137,"column":4}},"138":{"start":{"line":139,"column":0},"end":{"line":139,"column":79}},"139":{"start":{"line":140,"column":0},"end":{"line":140,"column":28}},"140":{"start":{"line":141,"column":0},"end":{"line":141,"column":21}},"141":{"start":{"line":142,"column":0},"end":{"line":142,"column":70}},"142":{"start":{"line":143,"column":0},"end":{"line":143,"column":53}},"143":{"start":{"line":144,"column":0},"end":{"line":144,"column":5}},"144":{"start":{"line":145,"column":0},"end":{"line":145,"column":4}},"146":{"start":{"line":147,"column":0},"end":{"line":147,"column":85}},"147":{"start":{"line":148,"column":0},"end":{"line":148,"column":28}},"148":{"start":{"line":149,"column":0},"end":{"line":149,"column":32}},"149":{"start":{"line":150,"column":0},"end":{"line":150,"column":79}},"150":{"start":{"line":151,"column":0},"end":{"line":151,"column":53}},"151":{"start":{"line":152,"column":0},"end":{"line":152,"column":5}},"152":{"start":{"line":153,"column":0},"end":{"line":153,"column":4}},"154":{"start":{"line":155,"column":0},"end":{"line":155,"column":50}},"155":{"start":{"line":156,"column":0},"end":{"line":156,"column":28}},"156":{"start":{"line":157,"column":0},"end":{"line":157,"column":75}},"157":{"start":{"line":158,"column":0},"end":{"line":158,"column":4}},"158":{"start":{"line":159,"column":0},"end":{"line":159,"column":3}},"160":{"start":{"line":161,"column":0},"end":{"line":161,"column":31}},"161":{"start":{"line":162,"column":0},"end":{"line":162,"column":19}},"162":{"start":{"line":163,"column":0},"end":{"line":163,"column":21}},"163":{"start":{"line":164,"column":0},"end":{"line":164,"column":4}},"165":{"start":{"line":166,"column":0},"end":{"line":166,"column":42}},"166":{"start":{"line":167,"column":0},"end":{"line":167,"column":33}},"167":{"start":{"line":168,"column":0},"end":{"line":168,"column":91}},"168":{"start":{"line":169,"column":0},"end":{"line":169,"column":4}},"170":{"start":{"line":171,"column":0},"end":{"line":171,"column":73}},"171":{"start":{"line":172,"column":0},"end":{"line":172,"column":39}},"172":{"start":{"line":173,"column":0},"end":{"line":173,"column":86}},"173":{"start":{"line":174,"column":0},"end":{"line":174,"column":4}},"175":{"start":{"line":176,"column":0},"end":{"line":176,"column":48}},"176":{"start":{"line":177,"column":0},"end":{"line":177,"column":31}},"177":{"start":{"line":178,"column":0},"end":{"line":178,"column":75}},"178":{"start":{"line":179,"column":0},"end":{"line":179,"column":4}},"180":{"start":{"line":181,"column":0},"end":{"line":181,"column":80}},"181":{"start":{"line":182,"column":0},"end":{"line":182,"column":28}},"182":{"start":{"line":183,"column":0},"end":{"line":183,"column":25}},"183":{"start":{"line":184,"column":0},"end":{"line":184,"column":71}},"184":{"start":{"line":185,"column":0},"end":{"line":185,"column":53}},"185":{"start":{"line":186,"column":0},"end":{"line":186,"column":5}},"186":{"start":{"line":187,"column":0},"end":{"line":187,"column":4}},"188":{"start":{"line":189,"column":0},"end":{"line":189,"column":86}},"189":{"start":{"line":190,"column":0},"end":{"line":190,"column":28}},"190":{"start":{"line":191,"column":0},"end":{"line":191,"column":38}},"191":{"start":{"line":192,"column":0},"end":{"line":192,"column":82}},"192":{"start":{"line":193,"column":0},"end":{"line":193,"column":53}},"193":{"start":{"line":194,"column":0},"end":{"line":194,"column":5}},"194":{"start":{"line":195,"column":0},"end":{"line":195,"column":4}},"196":{"start":{"line":197,"column":0},"end":{"line":197,"column":51}},"197":{"start":{"line":198,"column":0},"end":{"line":198,"column":34}},"198":{"start":{"line":199,"column":0},"end":{"line":199,"column":78}},"199":{"start":{"line":200,"column":0},"end":{"line":200,"column":4}},"201":{"start":{"line":202,"column":0},"end":{"line":202,"column":63}},"202":{"start":{"line":203,"column":0},"end":{"line":203,"column":47}},"203":{"start":{"line":204,"column":0},"end":{"line":204,"column":85}},"204":{"start":{"line":205,"column":0},"end":{"line":205,"column":19}},"205":{"start":{"line":206,"column":0},"end":{"line":206,"column":5}},"206":{"start":{"line":207,"column":0},"end":{"line":207,"column":4}},"208":{"start":{"line":209,"column":0},"end":{"line":209,"column":69}},"209":{"start":{"line":210,"column":0},"end":{"line":210,"column":50}},"210":{"start":{"line":211,"column":0},"end":{"line":211,"column":88}},"211":{"start":{"line":212,"column":0},"end":{"line":212,"column":19}},"212":{"start":{"line":213,"column":0},"end":{"line":213,"column":5}},"213":{"start":{"line":214,"column":0},"end":{"line":214,"column":4}},"214":{"start":{"line":215,"column":0},"end":{"line":215,"column":3}},"216":{"start":{"line":217,"column":0},"end":{"line":217,"column":24}},"217":{"start":{"line":218,"column":0},"end":{"line":218,"column":19}},"218":{"start":{"line":219,"column":0},"end":{"line":219,"column":21}},"219":{"start":{"line":220,"column":0},"end":{"line":220,"column":4}},"221":{"start":{"line":222,"column":0},"end":{"line":222,"column":38}},"222":{"start":{"line":223,"column":0},"end":{"line":223,"column":14}},"223":{"start":{"line":224,"column":0},"end":{"line":224,"column":61}},"224":{"start":{"line":225,"column":0},"end":{"line":225,"column":4}},"225":{"start":{"line":226,"column":0},"end":{"line":226,"column":3}},"227":{"start":{"line":228,"column":0},"end":{"line":228,"column":28}},"228":{"start":{"line":229,"column":0},"end":{"line":229,"column":19}},"229":{"start":{"line":230,"column":0},"end":{"line":230,"column":21}},"230":{"start":{"line":231,"column":0},"end":{"line":231,"column":4}},"232":{"start":{"line":233,"column":0},"end":{"line":233,"column":41}},"233":{"start":{"line":234,"column":0},"end":{"line":234,"column":18}},"234":{"start":{"line":235,"column":0},"end":{"line":235,"column":87}},"235":{"start":{"line":236,"column":0},"end":{"line":236,"column":4}},"237":{"start":{"line":238,"column":0},"end":{"line":238,"column":47}},"238":{"start":{"line":239,"column":0},"end":{"line":239,"column":28}},"239":{"start":{"line":240,"column":0},"end":{"line":240,"column":74}},"240":{"start":{"line":241,"column":0},"end":{"line":241,"column":4}},"242":{"start":{"line":243,"column":0},"end":{"line":243,"column":47}},"243":{"start":{"line":244,"column":0},"end":{"line":244,"column":43}},"244":{"start":{"line":245,"column":0},"end":{"line":245,"column":90}},"245":{"start":{"line":246,"column":0},"end":{"line":246,"column":4}},"247":{"start":{"line":248,"column":0},"end":{"line":248,"column":53}},"248":{"start":{"line":249,"column":0},"end":{"line":249,"column":53}},"249":{"start":{"line":250,"column":0},"end":{"line":250,"column":98}},"250":{"start":{"line":251,"column":0},"end":{"line":251,"column":4}},"252":{"start":{"line":253,"column":0},"end":{"line":253,"column":53}},"253":{"start":{"line":254,"column":0},"end":{"line":254,"column":31}},"254":{"start":{"line":255,"column":0},"end":{"line":255,"column":77}},"255":{"start":{"line":256,"column":0},"end":{"line":256,"column":4}},"257":{"start":{"line":258,"column":0},"end":{"line":258,"column":62}},"258":{"start":{"line":259,"column":0},"end":{"line":259,"column":36}},"259":{"start":{"line":260,"column":0},"end":{"line":260,"column":81}},"260":{"start":{"line":261,"column":0},"end":{"line":261,"column":4}},"262":{"start":{"line":263,"column":0},"end":{"line":263,"column":68}},"263":{"start":{"line":264,"column":0},"end":{"line":264,"column":39}},"264":{"start":{"line":265,"column":0},"end":{"line":265,"column":23}},"265":{"start":{"line":266,"column":0},"end":{"line":266,"column":26}},"266":{"start":{"line":267,"column":0},"end":{"line":267,"column":25}},"267":{"start":{"line":268,"column":0},"end":{"line":268,"column":24}},"268":{"start":{"line":269,"column":0},"end":{"line":269,"column":11}},"269":{"start":{"line":270,"column":0},"end":{"line":270,"column":5}},"270":{"start":{"line":271,"column":0},"end":{"line":271,"column":83}},"271":{"start":{"line":272,"column":0},"end":{"line":272,"column":23}},"272":{"start":{"line":273,"column":0},"end":{"line":273,"column":26}},"273":{"start":{"line":274,"column":0},"end":{"line":274,"column":25}},"274":{"start":{"line":275,"column":0},"end":{"line":275,"column":24}},"275":{"start":{"line":276,"column":0},"end":{"line":276,"column":11}},"276":{"start":{"line":277,"column":0},"end":{"line":277,"column":5}},"277":{"start":{"line":278,"column":0},"end":{"line":278,"column":4}},"278":{"start":{"line":279,"column":0},"end":{"line":279,"column":3}},"280":{"start":{"line":281,"column":0},"end":{"line":281,"column":24}},"281":{"start":{"line":282,"column":0},"end":{"line":282,"column":19}},"282":{"start":{"line":283,"column":0},"end":{"line":283,"column":21}},"283":{"start":{"line":284,"column":0},"end":{"line":284,"column":4}},"285":{"start":{"line":286,"column":0},"end":{"line":286,"column":71}},"286":{"start":{"line":287,"column":0},"end":{"line":287,"column":33}},"287":{"start":{"line":288,"column":0},"end":{"line":288,"column":81}},"288":{"start":{"line":289,"column":0},"end":{"line":289,"column":30}},"289":{"start":{"line":290,"column":0},"end":{"line":290,"column":5}},"290":{"start":{"line":291,"column":0},"end":{"line":291,"column":4}},"292":{"start":{"line":293,"column":0},"end":{"line":293,"column":66}},"293":{"start":{"line":294,"column":0},"end":{"line":294,"column":42}},"294":{"start":{"line":295,"column":0},"end":{"line":295,"column":40}},"295":{"start":{"line":296,"column":0},"end":{"line":296,"column":88}},"296":{"start":{"line":297,"column":0},"end":{"line":297,"column":58}},"297":{"start":{"line":298,"column":0},"end":{"line":298,"column":5}},"298":{"start":{"line":299,"column":0},"end":{"line":299,"column":4}},"299":{"start":{"line":300,"column":0},"end":{"line":300,"column":3}},"301":{"start":{"line":302,"column":0},"end":{"line":302,"column":26}},"302":{"start":{"line":303,"column":0},"end":{"line":303,"column":19}},"303":{"start":{"line":304,"column":0},"end":{"line":304,"column":21}},"304":{"start":{"line":305,"column":0},"end":{"line":305,"column":4}},"306":{"start":{"line":307,"column":0},"end":{"line":307,"column":55}},"307":{"start":{"line":308,"column":0},"end":{"line":308,"column":34}},"308":{"start":{"line":309,"column":0},"end":{"line":309,"column":80}},"309":{"start":{"line":310,"column":0},"end":{"line":310,"column":4}},"310":{"start":{"line":311,"column":0},"end":{"line":311,"column":3}},"312":{"start":{"line":313,"column":0},"end":{"line":313,"column":32}},"313":{"start":{"line":314,"column":0},"end":{"line":314,"column":19}},"314":{"start":{"line":315,"column":0},"end":{"line":315,"column":21}},"315":{"start":{"line":316,"column":0},"end":{"line":316,"column":4}},"317":{"start":{"line":318,"column":0},"end":{"line":318,"column":54}},"318":{"start":{"line":319,"column":0},"end":{"line":319,"column":30}},"319":{"start":{"line":320,"column":0},"end":{"line":320,"column":69}},"320":{"start":{"line":321,"column":0},"end":{"line":321,"column":4}},"322":{"start":{"line":323,"column":0},"end":{"line":323,"column":62}},"323":{"start":{"line":324,"column":0},"end":{"line":324,"column":32}},"324":{"start":{"line":325,"column":0},"end":{"line":325,"column":78}},"325":{"start":{"line":326,"column":0},"end":{"line":326,"column":4}},"327":{"start":{"line":328,"column":0},"end":{"line":328,"column":94}},"328":{"start":{"line":329,"column":0},"end":{"line":329,"column":28}},"329":{"start":{"line":330,"column":0},"end":{"line":330,"column":33}},"330":{"start":{"line":331,"column":0},"end":{"line":331,"column":69}},"331":{"start":{"line":332,"column":0},"end":{"line":332,"column":53}},"332":{"start":{"line":333,"column":0},"end":{"line":333,"column":5}},"333":{"start":{"line":334,"column":0},"end":{"line":334,"column":4}},"334":{"start":{"line":335,"column":0},"end":{"line":335,"column":3}},"336":{"start":{"line":337,"column":0},"end":{"line":337,"column":33}},"337":{"start":{"line":338,"column":0},"end":{"line":338,"column":19}},"338":{"start":{"line":339,"column":0},"end":{"line":339,"column":21}},"339":{"start":{"line":340,"column":0},"end":{"line":340,"column":4}},"341":{"start":{"line":342,"column":0},"end":{"line":342,"column":66}},"342":{"start":{"line":343,"column":0},"end":{"line":343,"column":40}},"343":{"start":{"line":344,"column":0},"end":{"line":344,"column":92}},"344":{"start":{"line":345,"column":0},"end":{"line":345,"column":4}},"346":{"start":{"line":347,"column":0},"end":{"line":347,"column":74}},"347":{"start":{"line":348,"column":0},"end":{"line":348,"column":71}},"348":{"start":{"line":349,"column":0},"end":{"line":349,"column":94}},"349":{"start":{"line":350,"column":0},"end":{"line":350,"column":24}},"350":{"start":{"line":351,"column":0},"end":{"line":351,"column":5}},"351":{"start":{"line":352,"column":0},"end":{"line":352,"column":4}},"353":{"start":{"line":354,"column":0},"end":{"line":354,"column":71}},"354":{"start":{"line":355,"column":0},"end":{"line":355,"column":43}},"355":{"start":{"line":356,"column":0},"end":{"line":356,"column":96}},"356":{"start":{"line":357,"column":0},"end":{"line":357,"column":4}},"357":{"start":{"line":358,"column":0},"end":{"line":358,"column":3}}},"s":{"0":1,"7":1,"10":1,"11":1,"12":1,"49":1,"50":1,"51":4,"52":1,"54":1,"55":1,"56":1,"57":1,"58":1,"59":1,"60":1,"62":1,"63":1,"64":1,"65":1,"67":1,"68":1,"69":1,"70":1,"72":1,"73":1,"74":1,"75":1,"76":1,"77":1,"78":1,"79":1,"80":1,"81":1,"82":1,"83":1,"84":1,"85":1,"86":1,"87":1,"88":1,"90":1,"91":1,"92":5,"93":1,"95":1,"96":1,"97":1,"98":1,"100":1,"101":1,"102":1,"103":1,"105":1,"106":1,"107":1,"108":1,"110":1,"111":1,"112":1,"113":1,"115":1,"116":1,"117":1,"118":1,"119":1,"121":1,"122":1,"123":5,"124":1,"126":1,"127":1,"128":1,"129":1,"130":1,"131":1,"133":1,"134":1,"135":1,"136":1,"138":1,"139":1,"140":1,"141":1,"142":1,"143":1,"144":1,"146":1,"147":1,"148":1,"149":1,"150":1,"151":1,"152":1,"154":1,"155":1,"156":1,"157":1,"158":1,"160":1,"161":1,"162":8,"163":1,"165":1,"166":1,"167":1,"168":1,"170":1,"171":1,"172":1,"173":1,"175":1,"176":1,"177":1,"178":1,"180":1,"181":1,"182":1,"183":1,"184":1,"185":1,"186":1,"188":1,"189":1,"190":1,"191":1,"192":1,"193":1,"194":1,"196":1,"197":1,"198":1,"199":1,"201":1,"202":1,"203":1,"204":1,"205":1,"206":1,"208":1,"209":1,"210":1,"211":1,"212":1,"213":1,"214":1,"216":1,"217":1,"218":1,"219":1,"221":1,"222":1,"223":1,"224":1,"225":1,"227":1,"228":1,"229":7,"230":1,"232":1,"233":1,"234":1,"235":1,"237":1,"238":1,"239":1,"240":1,"242":1,"243":1,"244":1,"245":1,"247":1,"248":1,"249":1,"250":1,"252":1,"253":1,"254":1,"255":1,"257":1,"258":1,"259":1,"260":1,"262":1,"263":1,"264":1,"265":1,"266":1,"267":1,"268":1,"269":1,"270":1,"271":1,"272":1,"273":1,"274":1,"275":1,"276":1,"277":1,"278":1,"280":1,"281":1,"282":2,"283":1,"285":1,"286":1,"287":1,"288":1,"289":1,"290":1,"292":1,"293":1,"294":1,"295":1,"296":1,"297":1,"298":1,"299":1,"301":1,"302":1,"303":1,"304":1,"306":1,"307":1,"308":1,"309":1,"310":1,"312":1,"313":1,"314":3,"315":1,"317":1,"318":1,"319":1,"320":1,"322":1,"323":1,"324":1,"325":1,"327":1,"328":1,"329":1,"330":1,"331":1,"332":1,"333":1,"334":1,"336":1,"337":1,"338":3,"339":1,"341":1,"342":1,"343":1,"344":1,"346":1,"347":1,"348":1,"349":1,"350":1,"351":1,"353":1,"354":1,"355":1,"356":1,"357":1},"branchMap":{"0":{"type":"branch","line":50,"loc":{"start":{"line":50,"column":17},"end":{"line":89,"column":3}},"locations":[{"start":{"line":50,"column":17},"end":{"line":89,"column":3}}]},"1":{"type":"branch","line":51,"loc":{"start":{"line":51,"column":12},"end":{"line":53,"column":2}},"locations":[{"start":{"line":51,"column":12},"end":{"line":53,"column":2}}]},"2":{"type":"branch","line":55,"loc":{"start":{"line":55,"column":40},"end":{"line":61,"column":2}},"locations":[{"start":{"line":55,"column":40},"end":{"line":61,"column":2}}]},"3":{"type":"branch","line":63,"loc":{"start":{"line":63,"column":31},"end":{"line":66,"column":2}},"locations":[{"start":{"line":63,"column":31},"end":{"line":66,"column":2}}]},"4":{"type":"branch","line":68,"loc":{"start":{"line":68,"column":43},"end":{"line":71,"column":2}},"locations":[{"start":{"line":68,"column":43},"end":{"line":71,"column":2}}]},"5":{"type":"branch","line":73,"loc":{"start":{"line":73,"column":38},"end":{"line":88,"column":2}},"locations":[{"start":{"line":73,"column":38},"end":{"line":88,"column":2}}]},"6":{"type":"branch","line":91,"loc":{"start":{"line":91,"column":19},"end":{"line":120,"column":3}},"locations":[{"start":{"line":91,"column":19},"end":{"line":120,"column":3}}]},"7":{"type":"branch","line":92,"loc":{"start":{"line":92,"column":12},"end":{"line":94,"column":2}},"locations":[{"start":{"line":92,"column":12},"end":{"line":94,"column":2}}]},"8":{"type":"branch","line":96,"loc":{"start":{"line":96,"column":32},"end":{"line":99,"column":2}},"locations":[{"start":{"line":96,"column":32},"end":{"line":99,"column":2}}]},"9":{"type":"branch","line":101,"loc":{"start":{"line":101,"column":36},"end":{"line":104,"column":2}},"locations":[{"start":{"line":101,"column":36},"end":{"line":104,"column":2}}]},"10":{"type":"branch","line":106,"loc":{"start":{"line":106,"column":38},"end":{"line":109,"column":2}},"locations":[{"start":{"line":106,"column":38},"end":{"line":109,"column":2}}]},"11":{"type":"branch","line":111,"loc":{"start":{"line":111,"column":42},"end":{"line":114,"column":2}},"locations":[{"start":{"line":111,"column":42},"end":{"line":114,"column":2}}]},"12":{"type":"branch","line":116,"loc":{"start":{"line":116,"column":42},"end":{"line":119,"column":2}},"locations":[{"start":{"line":116,"column":42},"end":{"line":119,"column":2}}]},"13":{"type":"branch","line":122,"loc":{"start":{"line":122,"column":20},"end":{"line":159,"column":3}},"locations":[{"start":{"line":122,"column":20},"end":{"line":159,"column":3}}]},"14":{"type":"branch","line":123,"loc":{"start":{"line":123,"column":12},"end":{"line":125,"column":2}},"locations":[{"start":{"line":123,"column":12},"end":{"line":125,"column":2}}]},"15":{"type":"branch","line":127,"loc":{"start":{"line":127,"column":58},"end":{"line":132,"column":2}},"locations":[{"start":{"line":127,"column":58},"end":{"line":132,"column":2}}]},"16":{"type":"branch","line":134,"loc":{"start":{"line":134,"column":40},"end":{"line":137,"column":2}},"locations":[{"start":{"line":134,"column":40},"end":{"line":137,"column":2}}]},"17":{"type":"branch","line":139,"loc":{"start":{"line":139,"column":72},"end":{"line":145,"column":2}},"locations":[{"start":{"line":139,"column":72},"end":{"line":145,"column":2}}]},"18":{"type":"branch","line":147,"loc":{"start":{"line":147,"column":78},"end":{"line":153,"column":2}},"locations":[{"start":{"line":147,"column":78},"end":{"line":153,"column":2}}]},"19":{"type":"branch","line":155,"loc":{"start":{"line":155,"column":43},"end":{"line":158,"column":2}},"locations":[{"start":{"line":155,"column":43},"end":{"line":158,"column":2}}]},"20":{"type":"branch","line":161,"loc":{"start":{"line":161,"column":24},"end":{"line":215,"column":3}},"locations":[{"start":{"line":161,"column":24},"end":{"line":215,"column":3}}]},"21":{"type":"branch","line":162,"loc":{"start":{"line":162,"column":12},"end":{"line":164,"column":2}},"locations":[{"start":{"line":162,"column":12},"end":{"line":164,"column":2}}]},"22":{"type":"branch","line":166,"loc":{"start":{"line":166,"column":35},"end":{"line":169,"column":2}},"locations":[{"start":{"line":166,"column":35},"end":{"line":169,"column":2}}]},"23":{"type":"branch","line":171,"loc":{"start":{"line":171,"column":66},"end":{"line":174,"column":2}},"locations":[{"start":{"line":171,"column":66},"end":{"line":174,"column":2}}]},"24":{"type":"branch","line":176,"loc":{"start":{"line":176,"column":41},"end":{"line":179,"column":2}},"locations":[{"start":{"line":176,"column":41},"end":{"line":179,"column":2}}]},"25":{"type":"branch","line":181,"loc":{"start":{"line":181,"column":73},"end":{"line":187,"column":2}},"locations":[{"start":{"line":181,"column":73},"end":{"line":187,"column":2}}]},"26":{"type":"branch","line":189,"loc":{"start":{"line":189,"column":79},"end":{"line":195,"column":2}},"locations":[{"start":{"line":189,"column":79},"end":{"line":195,"column":2}}]},"27":{"type":"branch","line":197,"loc":{"start":{"line":197,"column":44},"end":{"line":200,"column":2}},"locations":[{"start":{"line":197,"column":44},"end":{"line":200,"column":2}}]},"28":{"type":"branch","line":202,"loc":{"start":{"line":202,"column":56},"end":{"line":207,"column":2}},"locations":[{"start":{"line":202,"column":56},"end":{"line":207,"column":2}}]},"29":{"type":"branch","line":209,"loc":{"start":{"line":209,"column":62},"end":{"line":214,"column":2}},"locations":[{"start":{"line":209,"column":62},"end":{"line":214,"column":2}}]},"30":{"type":"branch","line":217,"loc":{"start":{"line":217,"column":17},"end":{"line":226,"column":3}},"locations":[{"start":{"line":217,"column":17},"end":{"line":226,"column":3}}]},"31":{"type":"branch","line":218,"loc":{"start":{"line":218,"column":12},"end":{"line":220,"column":2}},"locations":[{"start":{"line":218,"column":12},"end":{"line":220,"column":2}}]},"32":{"type":"branch","line":222,"loc":{"start":{"line":222,"column":31},"end":{"line":225,"column":2}},"locations":[{"start":{"line":222,"column":31},"end":{"line":225,"column":2}}]},"33":{"type":"branch","line":228,"loc":{"start":{"line":228,"column":21},"end":{"line":279,"column":3}},"locations":[{"start":{"line":228,"column":21},"end":{"line":279,"column":3}}]},"34":{"type":"branch","line":229,"loc":{"start":{"line":229,"column":12},"end":{"line":231,"column":2}},"locations":[{"start":{"line":229,"column":12},"end":{"line":231,"column":2}}]},"35":{"type":"branch","line":233,"loc":{"start":{"line":233,"column":34},"end":{"line":236,"column":2}},"locations":[{"start":{"line":233,"column":34},"end":{"line":236,"column":2}}]},"36":{"type":"branch","line":238,"loc":{"start":{"line":238,"column":40},"end":{"line":241,"column":2}},"locations":[{"start":{"line":238,"column":40},"end":{"line":241,"column":2}}]},"37":{"type":"branch","line":243,"loc":{"start":{"line":243,"column":40},"end":{"line":246,"column":2}},"locations":[{"start":{"line":243,"column":40},"end":{"line":246,"column":2}}]},"38":{"type":"branch","line":248,"loc":{"start":{"line":248,"column":46},"end":{"line":251,"column":2}},"locations":[{"start":{"line":248,"column":46},"end":{"line":251,"column":2}}]},"39":{"type":"branch","line":253,"loc":{"start":{"line":253,"column":46},"end":{"line":256,"column":2}},"locations":[{"start":{"line":253,"column":46},"end":{"line":256,"column":2}}]},"40":{"type":"branch","line":258,"loc":{"start":{"line":258,"column":55},"end":{"line":261,"column":2}},"locations":[{"start":{"line":258,"column":55},"end":{"line":261,"column":2}}]},"41":{"type":"branch","line":263,"loc":{"start":{"line":263,"column":61},"end":{"line":278,"column":2}},"locations":[{"start":{"line":263,"column":61},"end":{"line":278,"column":2}}]},"42":{"type":"branch","line":281,"loc":{"start":{"line":281,"column":17},"end":{"line":300,"column":3}},"locations":[{"start":{"line":281,"column":17},"end":{"line":300,"column":3}}]},"43":{"type":"branch","line":282,"loc":{"start":{"line":282,"column":12},"end":{"line":284,"column":2}},"locations":[{"start":{"line":282,"column":12},"end":{"line":284,"column":2}}]},"44":{"type":"branch","line":286,"loc":{"start":{"line":286,"column":64},"end":{"line":291,"column":2}},"locations":[{"start":{"line":286,"column":64},"end":{"line":291,"column":2}}]},"45":{"type":"branch","line":293,"loc":{"start":{"line":293,"column":59},"end":{"line":299,"column":2}},"locations":[{"start":{"line":293,"column":59},"end":{"line":299,"column":2}}]},"46":{"type":"branch","line":302,"loc":{"start":{"line":302,"column":19},"end":{"line":311,"column":3}},"locations":[{"start":{"line":302,"column":19},"end":{"line":311,"column":3}}]},"47":{"type":"branch","line":303,"loc":{"start":{"line":303,"column":12},"end":{"line":305,"column":2}},"locations":[{"start":{"line":303,"column":12},"end":{"line":305,"column":2}}]},"48":{"type":"branch","line":307,"loc":{"start":{"line":307,"column":48},"end":{"line":310,"column":2}},"locations":[{"start":{"line":307,"column":48},"end":{"line":310,"column":2}}]},"49":{"type":"branch","line":313,"loc":{"start":{"line":313,"column":25},"end":{"line":335,"column":3}},"locations":[{"start":{"line":313,"column":25},"end":{"line":335,"column":3}}]},"50":{"type":"branch","line":314,"loc":{"start":{"line":314,"column":12},"end":{"line":316,"column":2}},"locations":[{"start":{"line":314,"column":12},"end":{"line":316,"column":2}}]},"51":{"type":"branch","line":318,"loc":{"start":{"line":318,"column":47},"end":{"line":321,"column":2}},"locations":[{"start":{"line":318,"column":47},"end":{"line":321,"column":2}}]},"52":{"type":"branch","line":323,"loc":{"start":{"line":323,"column":55},"end":{"line":326,"column":2}},"locations":[{"start":{"line":323,"column":55},"end":{"line":326,"column":2}}]},"53":{"type":"branch","line":328,"loc":{"start":{"line":328,"column":87},"end":{"line":334,"column":2}},"locations":[{"start":{"line":328,"column":87},"end":{"line":334,"column":2}}]},"54":{"type":"branch","line":337,"loc":{"start":{"line":337,"column":26},"end":{"line":358,"column":3}},"locations":[{"start":{"line":337,"column":26},"end":{"line":358,"column":3}}]},"55":{"type":"branch","line":338,"loc":{"start":{"line":338,"column":12},"end":{"line":340,"column":2}},"locations":[{"start":{"line":338,"column":12},"end":{"line":340,"column":2}}]},"56":{"type":"branch","line":342,"loc":{"start":{"line":342,"column":59},"end":{"line":345,"column":2}},"locations":[{"start":{"line":342,"column":59},"end":{"line":345,"column":2}}]},"57":{"type":"branch","line":347,"loc":{"start":{"line":347,"column":67},"end":{"line":352,"column":2}},"locations":[{"start":{"line":347,"column":67},"end":{"line":352,"column":2}}]},"58":{"type":"branch","line":354,"loc":{"start":{"line":354,"column":64},"end":{"line":357,"column":2}},"locations":[{"start":{"line":354,"column":64},"end":{"line":357,"column":2}}]}},"b":{"0":[1],"1":[4],"2":[1],"3":[1],"4":[1],"5":[1],"6":[1],"7":[5],"8":[1],"9":[1],"10":[1],"11":[1],"12":[1],"13":[1],"14":[5],"15":[1],"16":[1],"17":[1],"18":[1],"19":[1],"20":[1],"21":[8],"22":[1],"23":[1],"24":[1],"25":[1],"26":[1],"27":[1],"28":[1],"29":[1],"30":[1],"31":[1],"32":[1],"33":[1],"34":[7],"35":[1],"36":[1],"37":[1],"38":[1],"39":[1],"40":[1],"41":[1],"42":[1],"43":[2],"44":[1],"45":[1],"46":[1],"47":[1],"48":[1],"49":[1],"50":[3],"51":[1],"52":[1],"53":[1],"54":[1],"55":[3],"56":[1],"57":[1],"58":[1]},"fnMap":{"0":{"name":"json","decl":{"start":{"line":12,"column":7},"end":{"line":12,"column":32}},"loc":{"start":{"line":12,"column":7},"end":{"line":12,"column":32}},"line":12}},"f":{"0":0}}
,"/media/2TA/DevStuff/papad/papadam/ui/src/lib/api.ts": {"path":"/media/2TA/DevStuff/papad/papadam/ui/src/lib/api.ts","all":false,"statementMap":{"0":{"start":{"line":1,"column":0},"end":{"line":1,"column":3}},"149":{"start":{"line":150,"column":0},"end":{"line":150,"column":50}},"150":{"start":{"line":151,"column":0},"end":{"line":151,"column":81}},"151":{"start":{"line":152,"column":0},"end":{"line":152,"column":6}},"152":{"start":{"line":153,"column":0},"end":{"line":153,"column":43}},"153":{"start":{"line":154,"column":0},"end":{"line":154,"column":58}},"154":{"start":{"line":155,"column":0},"end":{"line":155,"column":27}},"155":{"start":{"line":156,"column":0},"end":{"line":156,"column":10}},"156":{"start":{"line":157,"column":0},"end":{"line":157,"column":12}},"157":{"start":{"line":158,"column":0},"end":{"line":158,"column":2}},"158":{"start":{"line":159,"column":0},"end":{"line":159,"column":1}},"160":{"start":{"line":161,"column":0},"end":{"line":161,"column":17}},"161":{"start":{"line":162,"column":0},"end":{"line":162,"column":37}},"162":{"start":{"line":163,"column":0},"end":{"line":163,"column":15}},"163":{"start":{"line":164,"column":0},"end":{"line":164,"column":3}},"165":{"start":{"line":166,"column":0},"end":{"line":166,"column":39}},"168":{"start":{"line":169,"column":0},"end":{"line":169,"column":43}},"169":{"start":{"line":170,"column":0},"end":{"line":170,"column":52}},"170":{"start":{"line":171,"column":0},"end":{"line":171,"column":61}},"171":{"start":{"line":172,"column":0},"end":{"line":172,"column":15}},"172":{"start":{"line":173,"column":0},"end":{"line":173,"column":3}},"175":{"start":{"line":176,"column":0},"end":{"line":176,"column":31}},"176":{"start":{"line":177,"column":0},"end":{"line":177,"column":10}},"177":{"start":{"line":178,"column":0},"end":{"line":178,"column":17}},"179":{"start":{"line":180,"column":0},"end":{"line":180,"column":30}},"180":{"start":{"line":181,"column":0},"end":{"line":181,"column":57}},"181":{"start":{"line":182,"column":0},"end":{"line":182,"column":26}},"182":{"start":{"line":183,"column":0},"end":{"line":183,"column":57}},"183":{"start":{"line":184,"column":0},"end":{"line":184,"column":17}},"184":{"start":{"line":185,"column":0},"end":{"line":185,"column":9}},"185":{"start":{"line":186,"column":0},"end":{"line":186,"column":92}},"186":{"start":{"line":187,"column":0},"end":{"line":187,"column":13}},"187":{"start":{"line":188,"column":0},"end":{"line":188,"column":8}},"188":{"start":{"line":189,"column":0},"end":{"line":189,"column":55}},"189":{"start":{"line":190,"column":0},"end":{"line":190,"column":62}},"190":{"start":{"line":191,"column":0},"end":{"line":191,"column":27}},"191":{"start":{"line":192,"column":0},"end":{"line":192,"column":13}},"193":{"start":{"line":194,"column":0},"end":{"line":194,"column":5}},"194":{"start":{"line":195,"column":0},"end":{"line":195,"column":4}},"195":{"start":{"line":196,"column":0},"end":{"line":196,"column":43}},"196":{"start":{"line":197,"column":0},"end":{"line":197,"column":44}},"197":{"start":{"line":198,"column":0},"end":{"line":198,"column":40}},"198":{"start":{"line":199,"column":0},"end":{"line":199,"column":3}},"199":{"start":{"line":200,"column":0},"end":{"line":200,"column":29}},"200":{"start":{"line":201,"column":0},"end":{"line":201,"column":2}},"201":{"start":{"line":202,"column":0},"end":{"line":202,"column":2}},"205":{"start":{"line":206,"column":0},"end":{"line":206,"column":21}},"206":{"start":{"line":207,"column":0},"end":{"line":207,"column":47}},"207":{"start":{"line":208,"column":0},"end":{"line":208,"column":68}},"209":{"start":{"line":210,"column":0},"end":{"line":210,"column":96}},"211":{"start":{"line":212,"column":0},"end":{"line":212,"column":45}},"213":{"start":{"line":214,"column":0},"end":{"line":214,"column":22}},"219":{"start":{"line":220,"column":0},"end":{"line":220,"column":47}},"220":{"start":{"line":221,"column":0},"end":{"line":221,"column":2}},"224":{"start":{"line":225,"column":0},"end":{"line":225,"column":23}},"225":{"start":{"line":226,"column":0},"end":{"line":226,"column":38}},"226":{"start":{"line":227,"column":0},"end":{"line":227,"column":67}},"228":{"start":{"line":229,"column":0},"end":{"line":229,"column":62}},"230":{"start":{"line":231,"column":0},"end":{"line":231,"column":82}},"232":{"start":{"line":233,"column":0},"end":{"line":233,"column":49}},"233":{"start":{"line":234,"column":0},"end":{"line":234,"column":53}},"235":{"start":{"line":236,"column":0},"end":{"line":236,"column":60}},"236":{"start":{"line":237,"column":0},"end":{"line":237,"column":2}},"240":{"start":{"line":241,"column":0},"end":{"line":241,"column":24}},"245":{"start":{"line":246,"column":0},"end":{"line":246,"column":18}},"251":{"start":{"line":252,"column":0},"end":{"line":252,"column":79}},"253":{"start":{"line":254,"column":0},"end":{"line":254,"column":73}},"255":{"start":{"line":256,"column":0},"end":{"line":256,"column":32}},"256":{"start":{"line":257,"column":0},"end":{"line":257,"column":64}},"257":{"start":{"line":258,"column":0},"end":{"line":258,"column":53}},"258":{"start":{"line":259,"column":0},"end":{"line":259,"column":5}},"260":{"start":{"line":261,"column":0},"end":{"line":261,"column":46}},"261":{"start":{"line":262,"column":0},"end":{"line":262,"column":64}},"262":{"start":{"line":263,"column":0},"end":{"line":263,"column":53}},"263":{"start":{"line":264,"column":0},"end":{"line":264,"column":5}},"265":{"start":{"line":266,"column":0},"end":{"line":266,"column":66}},"266":{"start":{"line":267,"column":0},"end":{"line":267,"column":2}},"270":{"start":{"line":271,"column":0},"end":{"line":271,"column":28}},"271":{"start":{"line":272,"column":0},"end":{"line":272,"column":18}},"277":{"start":{"line":278,"column":0},"end":{"line":278,"column":80}},"284":{"start":{"line":285,"column":0},"end":{"line":285,"column":97}},"286":{"start":{"line":287,"column":0},"end":{"line":287,"column":74}},"288":{"start":{"line":289,"column":0},"end":{"line":289,"column":32}},"289":{"start":{"line":290,"column":0},"end":{"line":290,"column":56}},"290":{"start":{"line":291,"column":0},"end":{"line":291,"column":53}},"291":{"start":{"line":292,"column":0},"end":{"line":292,"column":5}},"293":{"start":{"line":294,"column":0},"end":{"line":294,"column":46}},"294":{"start":{"line":295,"column":0},"end":{"line":295,"column":65}},"295":{"start":{"line":296,"column":0},"end":{"line":296,"column":53}},"296":{"start":{"line":297,"column":0},"end":{"line":297,"column":5}},"298":{"start":{"line":299,"column":0},"end":{"line":299,"column":68}},"300":{"start":{"line":301,"column":0},"end":{"line":301,"column":43}},"301":{"start":{"line":302,"column":0},"end":{"line":302,"column":67}},"303":{"start":{"line":304,"column":0},"end":{"line":304,"column":46}},"304":{"start":{"line":305,"column":0},"end":{"line":305,"column":69}},"305":{"start":{"line":306,"column":0},"end":{"line":306,"column":2}},"309":{"start":{"line":310,"column":0},"end":{"line":310,"column":21}},"310":{"start":{"line":311,"column":0},"end":{"line":311,"column":45}},"311":{"start":{"line":312,"column":0},"end":{"line":312,"column":2}},"315":{"start":{"line":316,"column":0},"end":{"line":316,"column":25}},"316":{"start":{"line":317,"column":0},"end":{"line":317,"column":54}},"317":{"start":{"line":318,"column":0},"end":{"line":318,"column":71}},"319":{"start":{"line":320,"column":0},"end":{"line":320,"column":70}},"321":{"start":{"line":322,"column":0},"end":{"line":322,"column":88}},"323":{"start":{"line":324,"column":0},"end":{"line":324,"column":53}},"324":{"start":{"line":325,"column":0},"end":{"line":325,"column":59}},"326":{"start":{"line":327,"column":0},"end":{"line":327,"column":67}},"328":{"start":{"line":329,"column":0},"end":{"line":329,"column":10}},"330":{"start":{"line":331,"column":0},"end":{"line":331,"column":32}},"331":{"start":{"line":332,"column":0},"end":{"line":332,"column":70}},"334":{"start":{"line":335,"column":0},"end":{"line":335,"column":11}},"335":{"start":{"line":336,"column":0},"end":{"line":336,"column":23}},"336":{"start":{"line":337,"column":0},"end":{"line":337,"column":17}},"340":{"start":{"line":341,"column":0},"end":{"line":341,"column":81}},"341":{"start":{"line":342,"column":0},"end":{"line":342,"column":2}},"342":{"start":{"line":343,"column":0},"end":{"line":343,"column":2}},"346":{"start":{"line":347,"column":0},"end":{"line":347,"column":21}},"348":{"start":{"line":349,"column":0},"end":{"line":349,"column":34}},"349":{"start":{"line":350,"column":0},"end":{"line":350,"column":61}},"350":{"start":{"line":351,"column":0},"end":{"line":351,"column":30}},"351":{"start":{"line":352,"column":0},"end":{"line":352,"column":5}},"354":{"start":{"line":355,"column":0},"end":{"line":355,"column":54}},"355":{"start":{"line":356,"column":0},"end":{"line":356,"column":56}},"356":{"start":{"line":357,"column":0},"end":{"line":357,"column":58}},"357":{"start":{"line":358,"column":0},"end":{"line":358,"column":4}},"358":{"start":{"line":359,"column":0},"end":{"line":359,"column":2}},"369":{"start":{"line":370,"column":0},"end":{"line":370,"column":23}},"371":{"start":{"line":372,"column":0},"end":{"line":372,"column":91}},"372":{"start":{"line":373,"column":0},"end":{"line":373,"column":2}},"383":{"start":{"line":384,"column":0},"end":{"line":384,"column":30}},"385":{"start":{"line":386,"column":0},"end":{"line":386,"column":37}},"386":{"start":{"line":387,"column":0},"end":{"line":387,"column":78}},"389":{"start":{"line":390,"column":0},"end":{"line":390,"column":70}},"390":{"start":{"line":391,"column":0},"end":{"line":391,"column":86}},"393":{"start":{"line":394,"column":0},"end":{"line":394,"column":34}},"394":{"start":{"line":395,"column":0},"end":{"line":395,"column":75}},"395":{"start":{"line":396,"column":0},"end":{"line":396,"column":2}},"399":{"start":{"line":400,"column":0},"end":{"line":400,"column":29}},"400":{"start":{"line":401,"column":0},"end":{"line":401,"column":86}},"402":{"start":{"line":403,"column":0},"end":{"line":403,"column":39}},"403":{"start":{"line":404,"column":0},"end":{"line":404,"column":42}},"404":{"start":{"line":405,"column":0},"end":{"line":405,"column":53}},"405":{"start":{"line":406,"column":0},"end":{"line":406,"column":5}},"407":{"start":{"line":408,"column":0},"end":{"line":408,"column":54}},"408":{"start":{"line":409,"column":0},"end":{"line":409,"column":2}}},"s":{"0":1,"149":1,"150":1,"151":1,"152":1,"153":0,"154":0,"155":1,"156":1,"157":1,"158":1,"160":1,"161":1,"162":1,"163":1,"165":1,"168":1,"169":0,"170":0,"171":0,"172":0,"175":1,"176":1,"177":1,"179":0,"180":0,"181":0,"182":0,"183":0,"184":0,"185":0,"186":0,"187":0,"188":0,"189":0,"190":0,"191":0,"193":0,"194":0,"195":0,"196":0,"197":0,"198":0,"199":0,"200":0,"201":1,"205":1,"206":1,"207":1,"209":1,"211":1,"213":1,"219":1,"220":1,"224":1,"225":1,"226":1,"228":1,"230":1,"232":1,"233":1,"235":1,"236":1,"240":1,"245":1,"251":1,"253":1,"255":1,"256":1,"257":1,"258":1,"260":1,"261":1,"262":1,"263":1,"265":1,"266":1,"270":1,"271":1,"277":1,"284":1,"286":1,"288":1,"289":1,"290":1,"291":1,"293":1,"294":1,"295":1,"296":1,"298":1,"300":1,"301":1,"303":1,"304":1,"305":1,"309":1,"310":1,"311":1,"315":1,"316":1,"317":1,"319":1,"321":1,"323":1,"324":1,"326":1,"328":1,"330":1,"331":1,"334":1,"335":1,"336":1,"340":1,"341":1,"342":1,"346":1,"348":1,"349":1,"350":1,"351":1,"354":1,"355":1,"356":1,"357":1,"358":1,"369":1,"371":1,"372":1,"383":1,"385":1,"386":1,"389":1,"390":1,"393":1,"394":1,"395":1,"399":1,"400":1,"402":1,"403":1,"404":1,"405":1,"407":1,"408":1},"branchMap":{"0":{"type":"branch","line":150,"loc":{"start":{"line":150,"column":0},"end":{"line":159,"column":1}},"locations":[{"start":{"line":150,"column":0},"end":{"line":159,"column":1}}]},"1":{"type":"branch","line":151,"loc":{"start":{"line":151,"column":35},"end":{"line":151,"column":81}},"locations":[{"start":{"line":151,"column":35},"end":{"line":151,"column":81}}]},"2":{"type":"branch","line":153,"loc":{"start":{"line":153,"column":41},"end":{"line":155,"column":27}},"locations":[{"start":{"line":153,"column":41},"end":{"line":155,"column":27}}]},"3":{"type":"branch","line":162,"loc":{"start":{"line":162,"column":27},"end":{"line":164,"column":3}},"locations":[{"start":{"line":162,"column":27},"end":{"line":164,"column":3}}]},"4":{"type":"branch","line":207,"loc":{"start":{"line":207,"column":8},"end":{"line":208,"column":68}},"locations":[{"start":{"line":207,"column":8},"end":{"line":208,"column":68}}]},"5":{"type":"branch","line":210,"loc":{"start":{"line":210,"column":10},"end":{"line":210,"column":96}},"locations":[{"start":{"line":210,"column":10},"end":{"line":210,"column":96}}]},"6":{"type":"branch","line":212,"loc":{"start":{"line":212,"column":5},"end":{"line":212,"column":45}},"locations":[{"start":{"line":212,"column":5},"end":{"line":212,"column":45}}]},"7":{"type":"branch","line":214,"loc":{"start":{"line":214,"column":11},"end":{"line":220,"column":47}},"locations":[{"start":{"line":214,"column":11},"end":{"line":220,"column":47}}]},"8":{"type":"branch","line":226,"loc":{"start":{"line":226,"column":7},"end":{"line":227,"column":67}},"locations":[{"start":{"line":226,"column":7},"end":{"line":227,"column":67}}]},"9":{"type":"branch","line":229,"loc":{"start":{"line":229,"column":6},"end":{"line":229,"column":62}},"locations":[{"start":{"line":229,"column":6},"end":{"line":229,"column":62}}]},"10":{"type":"branch","line":231,"loc":{"start":{"line":231,"column":9},"end":{"line":231,"column":82}},"locations":[{"start":{"line":231,"column":9},"end":{"line":231,"column":82}}]},"11":{"type":"branch","line":233,"loc":{"start":{"line":233,"column":9},"end":{"line":234,"column":53}},"locations":[{"start":{"line":233,"column":9},"end":{"line":234,"column":53}}]},"12":{"type":"branch","line":236,"loc":{"start":{"line":236,"column":9},"end":{"line":236,"column":60}},"locations":[{"start":{"line":236,"column":9},"end":{"line":236,"column":60}}]},"13":{"type":"branch","line":246,"loc":{"start":{"line":246,"column":7},"end":{"line":252,"column":79}},"locations":[{"start":{"line":246,"column":7},"end":{"line":252,"column":79}}]},"14":{"type":"branch","line":254,"loc":{"start":{"line":254,"column":6},"end":{"line":254,"column":73}},"locations":[{"start":{"line":254,"column":6},"end":{"line":254,"column":73}}]},"15":{"type":"branch","line":256,"loc":{"start":{"line":256,"column":9},"end":{"line":259,"column":5}},"locations":[{"start":{"line":256,"column":9},"end":{"line":259,"column":5}}]},"16":{"type":"branch","line":261,"loc":{"start":{"line":261,"column":9},"end":{"line":264,"column":5}},"locations":[{"start":{"line":261,"column":9},"end":{"line":264,"column":5}}]},"17":{"type":"branch","line":266,"loc":{"start":{"line":266,"column":9},"end":{"line":266,"column":66}},"locations":[{"start":{"line":266,"column":9},"end":{"line":266,"column":66}}]},"18":{"type":"branch","line":272,"loc":{"start":{"line":272,"column":7},"end":{"line":278,"column":80}},"locations":[{"start":{"line":272,"column":7},"end":{"line":278,"column":80}}]},"19":{"type":"branch","line":285,"loc":{"start":{"line":285,"column":10},"end":{"line":285,"column":97}},"locations":[{"start":{"line":285,"column":10},"end":{"line":285,"column":97}}]},"20":{"type":"branch","line":287,"loc":{"start":{"line":287,"column":6},"end":{"line":287,"column":74}},"locations":[{"start":{"line":287,"column":6},"end":{"line":287,"column":74}}]},"21":{"type":"branch","line":289,"loc":{"start":{"line":289,"column":9},"end":{"line":292,"column":5}},"locations":[{"start":{"line":289,"column":9},"end":{"line":292,"column":5}}]},"22":{"type":"branch","line":294,"loc":{"start":{"line":294,"column":9},"end":{"line":297,"column":5}},"locations":[{"start":{"line":294,"column":9},"end":{"line":297,"column":5}}]},"23":{"type":"branch","line":299,"loc":{"start":{"line":299,"column":9},"end":{"line":299,"column":68}},"locations":[{"start":{"line":299,"column":9},"end":{"line":299,"column":68}}]},"24":{"type":"branch","line":301,"loc":{"start":{"line":301,"column":9},"end":{"line":302,"column":67}},"locations":[{"start":{"line":301,"column":9},"end":{"line":302,"column":67}}]},"25":{"type":"branch","line":304,"loc":{"start":{"line":304,"column":12},"end":{"line":305,"column":69}},"locations":[{"start":{"line":304,"column":12},"end":{"line":305,"column":69}}]},"26":{"type":"branch","line":311,"loc":{"start":{"line":311,"column":7},"end":{"line":311,"column":45}},"locations":[{"start":{"line":311,"column":7},"end":{"line":311,"column":45}}]},"27":{"type":"branch","line":317,"loc":{"start":{"line":317,"column":7},"end":{"line":318,"column":71}},"locations":[{"start":{"line":317,"column":7},"end":{"line":318,"column":71}}]},"28":{"type":"branch","line":320,"loc":{"start":{"line":320,"column":6},"end":{"line":320,"column":70}},"locations":[{"start":{"line":320,"column":6},"end":{"line":320,"column":70}}]},"29":{"type":"branch","line":322,"loc":{"start":{"line":322,"column":9},"end":{"line":322,"column":88}},"locations":[{"start":{"line":322,"column":9},"end":{"line":322,"column":88}}]},"30":{"type":"branch","line":324,"loc":{"start":{"line":324,"column":9},"end":{"line":325,"column":59}},"locations":[{"start":{"line":324,"column":9},"end":{"line":325,"column":59}}]},"31":{"type":"branch","line":327,"loc":{"start":{"line":327,"column":9},"end":{"line":327,"column":67}},"locations":[{"start":{"line":327,"column":9},"end":{"line":327,"column":67}}]},"32":{"type":"branch","line":331,"loc":{"start":{"line":331,"column":8},"end":{"line":332,"column":70}},"locations":[{"start":{"line":331,"column":8},"end":{"line":332,"column":70}}]},"33":{"type":"branch","line":335,"loc":{"start":{"line":335,"column":10},"end":{"line":341,"column":81}},"locations":[{"start":{"line":335,"column":10},"end":{"line":341,"column":81}}]},"34":{"type":"branch","line":349,"loc":{"start":{"line":349,"column":12},"end":{"line":352,"column":5}},"locations":[{"start":{"line":349,"column":12},"end":{"line":352,"column":5}}]},"35":{"type":"branch","line":355,"loc":{"start":{"line":355,"column":12},"end":{"line":358,"column":4}},"locations":[{"start":{"line":355,"column":12},"end":{"line":358,"column":4}}]},"36":{"type":"branch","line":372,"loc":{"start":{"line":372,"column":12},"end":{"line":372,"column":91}},"locations":[{"start":{"line":372,"column":12},"end":{"line":372,"column":91}}]},"37":{"type":"branch","line":386,"loc":{"start":{"line":386,"column":10},"end":{"line":387,"column":78}},"locations":[{"start":{"line":386,"column":10},"end":{"line":387,"column":78}}]},"38":{"type":"branch","line":390,"loc":{"start":{"line":390,"column":14},"end":{"line":391,"column":86}},"locations":[{"start":{"line":390,"column":14},"end":{"line":391,"column":86}}]},"39":{"type":"branch","line":394,"loc":{"start":{"line":394,"column":12},"end":{"line":395,"column":75}},"locations":[{"start":{"line":394,"column":12},"end":{"line":395,"column":75}}]},"40":{"type":"branch","line":401,"loc":{"start":{"line":401,"column":16},"end":{"line":401,"column":86}},"locations":[{"start":{"line":401,"column":16},"end":{"line":401,"column":86}}]},"41":{"type":"branch","line":403,"loc":{"start":{"line":403,"column":16},"end":{"line":406,"column":5}},"locations":[{"start":{"line":403,"column":16},"end":{"line":406,"column":5}}]},"42":{"type":"branch","line":408,"loc":{"start":{"line":408,"column":15},"end":{"line":408,"column":54}},"locations":[{"start":{"line":408,"column":15},"end":{"line":408,"column":54}}]}},"b":{"0":[1],"1":[0],"2":[0],"3":[1],"4":[1],"5":[1],"6":[1],"7":[1],"8":[1],"9":[1],"10":[1],"11":[1],"12":[1],"13":[1],"14":[1],"15":[1],"16":[1],"17":[1],"18":[1],"19":[1],"20":[1],"21":[1],"22":[1],"23":[1],"24":[1],"25":[1],"26":[1],"27":[1],"28":[1],"29":[1],"30":[1],"31":[1],"32":[1],"33":[1],"34":[1],"35":[1],"36":[1],"37":[1],"38":[1],"39":[1],"40":[1],"41":[1],"42":[1]},"fnMap":{"0":{"name":"resolveBaseUrl","decl":{"start":{"line":150,"column":0},"end":{"line":159,"column":1}},"loc":{"start":{"line":150,"column":0},"end":{"line":159,"column":1}},"line":150},"1":{"name":"http.interceptors.response.use.original","decl":{"start":{"line":177,"column":1},"end":{"line":177,"column":10}},"loc":{"start":{"line":177,"column":1},"end":{"line":177,"column":10}},"line":177},"2":{"name":"login","decl":{"start":{"line":207,"column":8},"end":{"line":208,"column":68}},"loc":{"start":{"line":207,"column":8},"end":{"line":208,"column":68}},"line":207},"3":{"name":"refresh","decl":{"start":{"line":210,"column":10},"end":{"line":210,"column":96}},"loc":{"start":{"line":210,"column":10},"end":{"line":210,"column":96}},"line":210},"4":{"name":"me","decl":{"start":{"line":212,"column":5},"end":{"line":212,"column":45}},"loc":{"start":{"line":212,"column":5},"end":{"line":212,"column":45}},"line":212},"5":{"name":"register","decl":{"start":{"line":214,"column":11},"end":{"line":220,"column":47}},"loc":{"start":{"line":214,"column":11},"end":{"line":220,"column":47}},"line":214},"6":{"name":"list","decl":{"start":{"line":226,"column":7},"end":{"line":227,"column":67}},"loc":{"start":{"line":226,"column":7},"end":{"line":227,"column":67}},"line":226},"7":{"name":"get","decl":{"start":{"line":229,"column":6},"end":{"line":229,"column":62}},"loc":{"start":{"line":229,"column":6},"end":{"line":229,"column":62}},"line":229},"8":{"name":"create","decl":{"start":{"line":231,"column":9},"end":{"line":231,"column":82}},"loc":{"start":{"line":231,"column":9},"end":{"line":231,"column":82}},"line":231},"9":{"name":"update","decl":{"start":{"line":233,"column":9},"end":{"line":234,"column":53}},"loc":{"start":{"line":233,"column":9},"end":{"line":234,"column":53}},"line":233},"10":{"name":"delete","decl":{"start":{"line":236,"column":9},"end":{"line":236,"column":60}},"loc":{"start":{"line":236,"column":9},"end":{"line":236,"column":60}},"line":236},"11":{"name":"list","decl":{"start":{"line":246,"column":7},"end":{"line":252,"column":79}},"loc":{"start":{"line":246,"column":7},"end":{"line":252,"column":79}},"line":246},"12":{"name":"get","decl":{"start":{"line":254,"column":6},"end":{"line":254,"column":73}},"loc":{"start":{"line":254,"column":6},"end":{"line":254,"column":73}},"line":254},"13":{"name":"create","decl":{"start":{"line":256,"column":9},"end":{"line":259,"column":5}},"loc":{"start":{"line":256,"column":9},"end":{"line":259,"column":5}},"line":256},"14":{"name":"update","decl":{"start":{"line":261,"column":9},"end":{"line":264,"column":5}},"loc":{"start":{"line":261,"column":9},"end":{"line":264,"column":5}},"line":261},"15":{"name":"delete","decl":{"start":{"line":266,"column":9},"end":{"line":266,"column":66}},"loc":{"start":{"line":266,"column":9},"end":{"line":266,"column":66}},"line":266},"16":{"name":"list","decl":{"start":{"line":272,"column":7},"end":{"line":278,"column":80}},"loc":{"start":{"line":272,"column":7},"end":{"line":278,"column":80}},"line":272},"17":{"name":"byMedia","decl":{"start":{"line":285,"column":10},"end":{"line":285,"column":97}},"loc":{"start":{"line":285,"column":10},"end":{"line":285,"column":97}},"line":285},"18":{"name":"get","decl":{"start":{"line":287,"column":6},"end":{"line":287,"column":74}},"loc":{"start":{"line":287,"column":6},"end":{"line":287,"column":74}},"line":287},"19":{"name":"create","decl":{"start":{"line":289,"column":9},"end":{"line":292,"column":5}},"loc":{"start":{"line":289,"column":9},"end":{"line":292,"column":5}},"line":289},"20":{"name":"update","decl":{"start":{"line":294,"column":9},"end":{"line":297,"column":5}},"loc":{"start":{"line":294,"column":9},"end":{"line":297,"column":5}},"line":294},"21":{"name":"delete","decl":{"start":{"line":299,"column":9},"end":{"line":299,"column":68}},"loc":{"start":{"line":299,"column":9},"end":{"line":299,"column":68}},"line":299},"22":{"name":"addTag","decl":{"start":{"line":301,"column":9},"end":{"line":302,"column":67}},"loc":{"start":{"line":301,"column":9},"end":{"line":302,"column":67}},"line":301},"23":{"name":"removeTag","decl":{"start":{"line":304,"column":12},"end":{"line":305,"column":69}},"loc":{"start":{"line":304,"column":12},"end":{"line":305,"column":69}},"line":304},"24":{"name":"list","decl":{"start":{"line":311,"column":7},"end":{"line":311,"column":45}},"loc":{"start":{"line":311,"column":7},"end":{"line":311,"column":45}},"line":311},"25":{"name":"list","decl":{"start":{"line":317,"column":7},"end":{"line":318,"column":71}},"loc":{"start":{"line":317,"column":7},"end":{"line":318,"column":71}},"line":317},"26":{"name":"get","decl":{"start":{"line":320,"column":6},"end":{"line":320,"column":70}},"loc":{"start":{"line":320,"column":6},"end":{"line":320,"column":70}},"line":320},"27":{"name":"create","decl":{"start":{"line":322,"column":9},"end":{"line":322,"column":88}},"loc":{"start":{"line":322,"column":9},"end":{"line":322,"column":88}},"line":322},"28":{"name":"update","decl":{"start":{"line":324,"column":9},"end":{"line":325,"column":59}},"loc":{"start":{"line":324,"column":9},"end":{"line":325,"column":59}},"line":324},"29":{"name":"delete","decl":{"start":{"line":327,"column":9},"end":{"line":327,"column":67}},"loc":{"start":{"line":327,"column":9},"end":{"line":327,"column":67}},"line":327},"30":{"name":"list","decl":{"start":{"line":331,"column":8},"end":{"line":332,"column":70}},"loc":{"start":{"line":331,"column":8},"end":{"line":332,"column":70}},"line":331},"31":{"name":"create","decl":{"start":{"line":335,"column":10},"end":{"line":341,"column":81}},"loc":{"start":{"line":335,"column":10},"end":{"line":341,"column":81}},"line":335},"32":{"name":"loadState","decl":{"start":{"line":349,"column":12},"end":{"line":352,"column":5}},"loc":{"start":{"line":349,"column":12},"end":{"line":352,"column":5}},"line":349},"33":{"name":"saveState","decl":{"start":{"line":355,"column":12},"end":{"line":358,"column":4}},"loc":{"start":{"line":355,"column":12},"end":{"line":358,"column":4}},"line":355},"34":{"name":"jobStatus","decl":{"start":{"line":372,"column":12},"end":{"line":372,"column":91}},"loc":{"start":{"line":372,"column":12},"end":{"line":372,"column":91}},"line":372},"35":{"name":"replies","decl":{"start":{"line":386,"column":10},"end":{"line":387,"column":78}},"loc":{"start":{"line":386,"column":10},"end":{"line":387,"column":78}},"line":386},"36":{"name":"createReply","decl":{"start":{"line":390,"column":14},"end":{"line":391,"column":86}},"loc":{"start":{"line":390,"column":14},"end":{"line":391,"column":86}},"line":390},"37":{"name":"mediaRefs","decl":{"start":{"line":394,"column":12},"end":{"line":395,"column":75}},"loc":{"start":{"line":394,"column":12},"end":{"line":395,"column":75}},"line":394},"38":{"name":"requestExport","decl":{"start":{"line":401,"column":16},"end":{"line":401,"column":86}},"loc":{"start":{"line":401,"column":16},"end":{"line":401,"column":86}},"line":401},"39":{"name":"requestImport","decl":{"start":{"line":403,"column":16},"end":{"line":406,"column":5}},"loc":{"start":{"line":403,"column":16},"end":{"line":406,"column":5}},"line":403},"40":{"name":"listRequests","decl":{"start":{"line":408,"column":15},"end":{"line":408,"column":54}},"loc":{"start":{"line":408,"column":15},"end":{"line":408,"column":54}},"line":408}},"f":{"0":1,"1":0,"2":1,"3":1,"4":1,"5":1,"6":1,"7":1,"8":1,"9":1,"10":1,"11":1,"12":1,"13":1,"14":1,"15":1,"16":1,"17":1,"18":1,"19":1,"20":1,"21":1,"22":1,"23":1,"24":1,"25":1,"26":1,"27":1,"28":1,"29":1,"30":1,"31":1,"32":1,"33":1,"34":1,"35":1,"36":1,"37":1,"38":1,"39":1,"40":1}}
,"/media/2TA/DevStuff/papad/papadam/ui/src/lib/config.test.ts": {"path":"/media/2TA/DevStuff/papad/papadam/ui/src/lib/config.test.ts","all":false,"statementMap":{"0":{"start":{"line":1,"column":0},"end":{"line":1,"column":3}},"7":{"start":{"line":8,"column":0},"end":{"line":8,"column":73}},"9":{"start":{"line":10,"column":0},"end":{"line":10,"column":18}},"10":{"start":{"line":11,"column":0},"end":{"line":11,"column":19}},"11":{"start":{"line":12,"column":0},"end":{"line":12,"column":3}},"13":{"start":{"line":14,"column":0},"end":{"line":14,"column":17}},"14":{"start":{"line":15,"column":0},"end":{"line":15,"column":23}},"15":{"start":{"line":16,"column":0},"end":{"line":16,"column":20}},"16":{"start":{"line":17,"column":0},"end":{"line":17,"column":3}},"18":{"start":{"line":19,"column":0},"end":{"line":19,"column":36}},"19":{"start":{"line":20,"column":0},"end":{"line":20,"column":63}},"20":{"start":{"line":21,"column":0},"end":{"line":21,"column":59}},"21":{"start":{"line":22,"column":0},"end":{"line":22,"column":52}},"22":{"start":{"line":23,"column":0},"end":{"line":23,"column":46}},"23":{"start":{"line":24,"column":0},"end":{"line":24,"column":56}},"24":{"start":{"line":25,"column":0},"end":{"line":25,"column":55}},"25":{"start":{"line":26,"column":0},"end":{"line":26,"column":4}},"26":{"start":{"line":27,"column":0},"end":{"line":27,"column":3}},"28":{"start":{"line":29,"column":0},"end":{"line":29,"column":30}},"29":{"start":{"line":30,"column":0},"end":{"line":30,"column":72}},"30":{"start":{"line":31,"column":0},"end":{"line":31,"column":16}},"31":{"start":{"line":32,"column":0},"end":{"line":32,"column":11}},"32":{"start":{"line":33,"column":0},"end":{"line":33,"column":30}},"33":{"start":{"line":34,"column":0},"end":{"line":34,"column":91}},"34":{"start":{"line":35,"column":0},"end":{"line":35,"column":5}},"35":{"start":{"line":36,"column":0},"end":{"line":36,"column":4}},"36":{"start":{"line":37,"column":0},"end":{"line":37,"column":64}},"37":{"start":{"line":38,"column":0},"end":{"line":38,"column":33}},"38":{"start":{"line":39,"column":0},"end":{"line":39,"column":45}},"39":{"start":{"line":40,"column":0},"end":{"line":40,"column":45}},"41":{"start":{"line":42,"column":0},"end":{"line":42,"column":53}},"42":{"start":{"line":43,"column":0},"end":{"line":43,"column":4}},"44":{"start":{"line":45,"column":0},"end":{"line":45,"column":79}},"45":{"start":{"line":46,"column":0},"end":{"line":46,"column":79}},"46":{"start":{"line":47,"column":0},"end":{"line":47,"column":53}},"47":{"start":{"line":48,"column":0},"end":{"line":48,"column":33}},"48":{"start":{"line":49,"column":0},"end":{"line":49,"column":30}},"49":{"start":{"line":50,"column":0},"end":{"line":50,"column":31}},"50":{"start":{"line":51,"column":0},"end":{"line":51,"column":4}},"52":{"start":{"line":53,"column":0},"end":{"line":53,"column":73}},"53":{"start":{"line":54,"column":0},"end":{"line":54,"column":47}},"54":{"start":{"line":55,"column":0},"end":{"line":55,"column":77}},"55":{"start":{"line":56,"column":0},"end":{"line":56,"column":5}},"56":{"start":{"line":57,"column":0},"end":{"line":57,"column":36}},"57":{"start":{"line":58,"column":0},"end":{"line":58,"column":53}},"58":{"start":{"line":59,"column":0},"end":{"line":59,"column":21}},"59":{"start":{"line":60,"column":0},"end":{"line":60,"column":21}},"60":{"start":{"line":61,"column":0},"end":{"line":61,"column":45}},"61":{"start":{"line":62,"column":0},"end":{"line":62,"column":4}},"63":{"start":{"line":64,"column":0},"end":{"line":64,"column":65}},"64":{"start":{"line":65,"column":0},"end":{"line":65,"column":48}},"65":{"start":{"line":66,"column":0},"end":{"line":66,"column":28}},"66":{"start":{"line":67,"column":0},"end":{"line":67,"column":36}},"67":{"start":{"line":68,"column":0},"end":{"line":68,"column":53}},"68":{"start":{"line":69,"column":0},"end":{"line":69,"column":33}},"69":{"start":{"line":70,"column":0},"end":{"line":70,"column":43}},"70":{"start":{"line":71,"column":0},"end":{"line":71,"column":45}},"71":{"start":{"line":72,"column":0},"end":{"line":72,"column":4}},"72":{"start":{"line":73,"column":0},"end":{"line":73,"column":3}},"74":{"start":{"line":75,"column":0},"end":{"line":75,"column":29}},"75":{"start":{"line":76,"column":0},"end":{"line":76,"column":77}},"76":{"start":{"line":77,"column":0},"end":{"line":77,"column":16}},"77":{"start":{"line":78,"column":0},"end":{"line":78,"column":11}},"78":{"start":{"line":79,"column":0},"end":{"line":79,"column":30}},"79":{"start":{"line":80,"column":0},"end":{"line":80,"column":95}},"80":{"start":{"line":81,"column":0},"end":{"line":81,"column":5}},"81":{"start":{"line":82,"column":0},"end":{"line":82,"column":4}},"82":{"start":{"line":83,"column":0},"end":{"line":83,"column":64}},"83":{"start":{"line":84,"column":0},"end":{"line":84,"column":21}},"84":{"start":{"line":85,"column":0},"end":{"line":85,"column":26}},"85":{"start":{"line":86,"column":0},"end":{"line":86,"column":51}},"86":{"start":{"line":87,"column":0},"end":{"line":87,"column":43}},"87":{"start":{"line":88,"column":0},"end":{"line":88,"column":4}},"88":{"start":{"line":89,"column":0},"end":{"line":89,"column":3}}},"s":{"0":1,"7":1,"9":1,"10":6,"11":6,"13":1,"14":6,"15":6,"16":6,"18":1,"19":1,"20":1,"21":1,"22":1,"23":1,"24":1,"25":1,"26":1,"28":1,"29":1,"30":1,"31":1,"32":1,"33":1,"34":1,"35":1,"36":1,"37":1,"38":1,"39":1,"41":1,"42":1,"44":1,"45":1,"46":1,"47":1,"48":1,"49":1,"50":1,"52":1,"53":1,"54":1,"55":1,"56":1,"57":1,"58":1,"59":1,"60":1,"61":1,"63":1,"64":1,"65":1,"66":1,"67":1,"68":1,"69":1,"70":1,"71":1,"72":1,"74":1,"75":1,"76":1,"77":1,"78":1,"79":1,"80":1,"81":1,"82":1,"83":1,"84":1,"85":1,"86":1,"87":1,"88":1},"branchMap":{"0":{"type":"branch","line":10,"loc":{"start":{"line":10,"column":11},"end":{"line":12,"column":3}},"locations":[{"start":{"line":10,"column":11},"end":{"line":12,"column":3}}]},"1":{"type":"branch","line":14,"loc":{"start":{"line":14,"column":10},"end":{"line":17,"column":3}},"locations":[{"start":{"line":14,"column":10},"end":{"line":17,"column":3}}]},"2":{"type":"branch","line":19,"loc":{"start":{"line":19,"column":29},"end":{"line":27,"column":3}},"locations":[{"start":{"line":19,"column":29},"end":{"line":27,"column":3}}]},"3":{"type":"branch","line":20,"loc":{"start":{"line":20,"column":50},"end":{"line":26,"column":2}},"locations":[{"start":{"line":20,"column":50},"end":{"line":26,"column":2}}]},"4":{"type":"branch","line":29,"loc":{"start":{"line":29,"column":23},"end":{"line":73,"column":3}},"locations":[{"start":{"line":29,"column":23},"end":{"line":73,"column":3}}]},"5":{"type":"branch","line":30,"loc":{"start":{"line":30,"column":59},"end":{"line":43,"column":2}},"locations":[{"start":{"line":30,"column":59},"end":{"line":43,"column":2}}]},"6":{"type":"branch","line":34,"loc":{"start":{"line":34,"column":10},"end":{"line":34,"column":91}},"locations":[{"start":{"line":34,"column":10},"end":{"line":34,"column":91}}]},"7":{"type":"branch","line":45,"loc":{"start":{"line":45,"column":66},"end":{"line":51,"column":2}},"locations":[{"start":{"line":45,"column":66},"end":{"line":51,"column":2}}]},"8":{"type":"branch","line":53,"loc":{"start":{"line":53,"column":60},"end":{"line":62,"column":2}},"locations":[{"start":{"line":53,"column":60},"end":{"line":62,"column":2}}]},"9":{"type":"branch","line":55,"loc":{"start":{"line":55,"column":9},"end":{"line":55,"column":77}},"locations":[{"start":{"line":55,"column":9},"end":{"line":55,"column":77}}]},"10":{"type":"branch","line":64,"loc":{"start":{"line":64,"column":52},"end":{"line":72,"column":2}},"locations":[{"start":{"line":64,"column":52},"end":{"line":72,"column":2}}]},"11":{"type":"branch","line":75,"loc":{"start":{"line":75,"column":22},"end":{"line":89,"column":3}},"locations":[{"start":{"line":75,"column":22},"end":{"line":89,"column":3}}]},"12":{"type":"branch","line":76,"loc":{"start":{"line":76,"column":64},"end":{"line":88,"column":2}},"locations":[{"start":{"line":76,"column":64},"end":{"line":88,"column":2}}]},"13":{"type":"branch","line":80,"loc":{"start":{"line":80,"column":10},"end":{"line":80,"column":95}},"locations":[{"start":{"line":80,"column":10},"end":{"line":80,"column":95}}]}},"b":{"0":[6],"1":[6],"2":[1],"3":[1],"4":[1],"5":[1],"6":[1],"7":[1],"8":[1],"9":[1],"10":[1],"11":[1],"12":[1],"13":[1]},"fnMap":{"0":{"name":"json","decl":{"start":{"line":34,"column":10},"end":{"line":34,"column":91}},"loc":{"start":{"line":34,"column":10},"end":{"line":34,"column":91}},"line":34},"1":{"name":"json","decl":{"start":{"line":55,"column":9},"end":{"line":55,"column":77}},"loc":{"start":{"line":55,"column":9},"end":{"line":55,"column":77}},"line":55},"2":{"name":"json","decl":{"start":{"line":80,"column":10},"end":{"line":80,"column":95}},"loc":{"start":{"line":80,"column":10},"end":{"line":80,"column":95}},"line":80}},"f":{"0":1,"1":1,"2":1}}
,"/media/2TA/DevStuff/papad/papadam/ui/src/lib/config.ts": {"path":"/media/2TA/DevStuff/papad/papadam/ui/src/lib/config.ts","all":false,"statementMap":{"30":{"start":{"line":31,"column":0},"end":{"line":31,"column":40}},"31":{"start":{"line":32,"column":0},"end":{"line":32,"column":71}},"32":{"start":{"line":33,"column":0},"end":{"line":33,"column":72}},"33":{"start":{"line":34,"column":0},"end":{"line":34,"column":2}},"35":{"start":{"line":36,"column":0},"end":{"line":36,"column":43}},"36":{"start":{"line":37,"column":0},"end":{"line":37,"column":21}},"37":{"start":{"line":38,"column":0},"end":{"line":38,"column":15}},"38":{"start":{"line":39,"column":0},"end":{"line":39,"column":25}},"39":{"start":{"line":40,"column":0},"end":{"line":40,"column":23}},"40":{"start":{"line":41,"column":0},"end":{"line":41,"column":2}},"44":{"start":{"line":45,"column":0},"end":{"line":45,"column":53}},"45":{"start":{"line":46,"column":0},"end":{"line":46,"column":20}},"54":{"start":{"line":55,"column":0},"end":{"line":55,"column":60}},"55":{"start":{"line":56,"column":0},"end":{"line":56,"column":30}},"58":{"start":{"line":59,"column":0},"end":{"line":59,"column":39}},"59":{"start":{"line":60,"column":0},"end":{"line":60,"column":17}},"60":{"start":{"line":61,"column":0},"end":{"line":61,"column":18}},"61":{"start":{"line":62,"column":0},"end":{"line":62,"column":2}},"63":{"start":{"line":64,"column":0},"end":{"line":64,"column":6}},"64":{"start":{"line":65,"column":0},"end":{"line":65,"column":43}},"65":{"start":{"line":66,"column":0},"end":{"line":66,"column":78}},"66":{"start":{"line":67,"column":0},"end":{"line":67,"column":14}},"67":{"start":{"line":68,"column":0},"end":{"line":68,"column":33}},"68":{"start":{"line":69,"column":0},"end":{"line":69,"column":34}},"69":{"start":{"line":70,"column":0},"end":{"line":70,"column":4}},"70":{"start":{"line":71,"column":0},"end":{"line":71,"column":10}},"72":{"start":{"line":73,"column":0},"end":{"line":73,"column":2}},"74":{"start":{"line":75,"column":0},"end":{"line":75,"column":16}},"75":{"start":{"line":76,"column":0},"end":{"line":76,"column":17}},"76":{"start":{"line":77,"column":0},"end":{"line":77,"column":1}},"79":{"start":{"line":80,"column":0},"end":{"line":80,"column":44}},"80":{"start":{"line":81,"column":0},"end":{"line":81,"column":17}},"81":{"start":{"line":82,"column":0},"end":{"line":82,"column":1}}},"s":{"30":1,"31":1,"32":1,"33":1,"35":1,"36":1,"37":1,"38":1,"39":1,"40":1,"44":1,"45":1,"54":6,"55":6,"58":6,"59":1,"60":1,"61":1,"63":4,"64":4,"65":3,"66":3,"67":6,"68":6,"69":6,"70":6,"72":1,"74":4,"75":4,"76":4,"79":1,"80":2,"81":2},"branchMap":{"0":{"type":"branch","line":32,"loc":{"start":{"line":32,"column":40},"end":{"line":32,"column":71}},"locations":[{"start":{"line":32,"column":40},"end":{"line":32,"column":71}}]},"1":{"type":"branch","line":55,"loc":{"start":{"line":55,"column":0},"end":{"line":77,"column":1}},"locations":[{"start":{"line":55,"column":0},"end":{"line":77,"column":1}}]},"2":{"type":"branch","line":56,"loc":{"start":{"line":56,"column":14},"end":{"line":56,"column":30}},"locations":[{"start":{"line":56,"column":14},"end":{"line":56,"column":30}}]},"3":{"type":"branch","line":56,"loc":{"start":{"line":56,"column":21},"end":{"line":59,"column":38}},"locations":[{"start":{"line":56,"column":21},"end":{"line":59,"column":38}}]},"4":{"type":"branch","line":59,"loc":{"start":{"line":59,"column":38},"end":{"line":62,"column":2}},"locations":[{"start":{"line":59,"column":38},"end":{"line":62,"column":2}}]},"5":{"type":"branch","line":62,"loc":{"start":{"line":62,"column":1},"end":{"line":65,"column":43}},"locations":[{"start":{"line":62,"column":1},"end":{"line":65,"column":43}}]},"6":{"type":"branch","line":65,"loc":{"start":{"line":65,"column":41},"end":{"line":68,"column":30}},"locations":[{"start":{"line":65,"column":41},"end":{"line":68,"column":30}}]},"7":{"type":"branch","line":68,"loc":{"start":{"line":68,"column":25},"end":{"line":68,"column":33}},"locations":[{"start":{"line":68,"column":25},"end":{"line":68,"column":33}}]},"8":{"type":"branch","line":69,"loc":{"start":{"line":69,"column":27},"end":{"line":69,"column":34}},"locations":[{"start":{"line":69,"column":27},"end":{"line":69,"column":34}}]},"9":{"type":"branch","line":71,"loc":{"start":{"line":71,"column":1},"end":{"line":73,"column":2}},"locations":[{"start":{"line":71,"column":1},"end":{"line":73,"column":2}}]},"10":{"type":"branch","line":73,"loc":{"start":{"line":73,"column":1},"end":{"line":77,"column":1}},"locations":[{"start":{"line":73,"column":1},"end":{"line":77,"column":1}}]},"11":{"type":"branch","line":80,"loc":{"start":{"line":80,"column":7},"end":{"line":82,"column":1}},"locations":[{"start":{"line":80,"column":7},"end":{"line":82,"column":1}}]}},"b":{"0":[5],"1":[6],"2":[1],"3":[5],"4":[1],"5":[4],"6":[3],"7":[0],"8":[0],"9":[1],"10":[4],"11":[2]},"fnMap":{"0":{"name":"loadConfig","decl":{"start":{"line":55,"column":0},"end":{"line":77,"column":1}},"loc":{"start":{"line":55,"column":0},"end":{"line":77,"column":1}},"line":55},"1":{"name":"getConfig","decl":{"start":{"line":80,"column":7},"end":{"line":82,"column":1}},"loc":{"start":{"line":80,"column":7},"end":{"line":82,"column":1}},"line":80}},"f":{"0":6,"1":2}}
,"/media/2TA/DevStuff/papad/papadam/ui/src/lib/crdt.test.ts": {"path":"/media/2TA/DevStuff/papad/papadam/ui/src/lib/crdt.test.ts","all":false,"statementMap":{"0":{"start":{"line":1,"column":0},"end":{"line":1,"column":3}},"7":{"start":{"line":8,"column":0},"end":{"line":8,"column":61}},"8":{"start":{"line":9,"column":0},"end":{"line":9,"column":35}},"18":{"start":{"line":19,"column":0},"end":{"line":19,"column":19}},"19":{"start":{"line":20,"column":0},"end":{"line":20,"column":52}},"21":{"start":{"line":22,"column":0},"end":{"line":22,"column":93}},"24":{"start":{"line":25,"column":0},"end":{"line":25,"column":32}},"25":{"start":{"line":26,"column":0},"end":{"line":26,"column":78}},"26":{"start":{"line":27,"column":0},"end":{"line":27,"column":53}},"27":{"start":{"line":28,"column":0},"end":{"line":28,"column":32}},"28":{"start":{"line":29,"column":0},"end":{"line":29,"column":40}},"29":{"start":{"line":30,"column":0},"end":{"line":30,"column":37}},"30":{"start":{"line":31,"column":0},"end":{"line":31,"column":40}},"31":{"start":{"line":32,"column":0},"end":{"line":32,"column":16}},"32":{"start":{"line":33,"column":0},"end":{"line":33,"column":4}},"34":{"start":{"line":35,"column":0},"end":{"line":35,"column":75}},"35":{"start":{"line":36,"column":0},"end":{"line":36,"column":55}},"36":{"start":{"line":37,"column":0},"end":{"line":37,"column":55}},"37":{"start":{"line":38,"column":0},"end":{"line":38,"column":26}},"38":{"start":{"line":39,"column":0},"end":{"line":39,"column":17}},"39":{"start":{"line":40,"column":0},"end":{"line":40,"column":4}},"41":{"start":{"line":42,"column":0},"end":{"line":42,"column":79}},"42":{"start":{"line":43,"column":0},"end":{"line":43,"column":57}},"43":{"start":{"line":44,"column":0},"end":{"line":44,"column":17}},"44":{"start":{"line":45,"column":0},"end":{"line":45,"column":57}},"45":{"start":{"line":46,"column":0},"end":{"line":46,"column":30}},"46":{"start":{"line":47,"column":0},"end":{"line":47,"column":17}},"47":{"start":{"line":48,"column":0},"end":{"line":48,"column":4}},"48":{"start":{"line":49,"column":0},"end":{"line":49,"column":3}},"50":{"start":{"line":51,"column":0},"end":{"line":51,"column":54}},"51":{"start":{"line":52,"column":0},"end":{"line":52,"column":33}},"53":{"start":{"line":54,"column":0},"end":{"line":54,"column":18}},"54":{"start":{"line":55,"column":0},"end":{"line":55,"column":37}},"55":{"start":{"line":56,"column":0},"end":{"line":56,"column":4}},"57":{"start":{"line":58,"column":0},"end":{"line":58,"column":71}},"58":{"start":{"line":59,"column":0},"end":{"line":59,"column":27}},"60":{"start":{"line":61,"column":0},"end":{"line":61,"column":23}},"61":{"start":{"line":62,"column":0},"end":{"line":62,"column":18}},"62":{"start":{"line":63,"column":0},"end":{"line":63,"column":34}},"63":{"start":{"line":64,"column":0},"end":{"line":64,"column":37}},"64":{"start":{"line":65,"column":0},"end":{"line":65,"column":26}},"65":{"start":{"line":66,"column":0},"end":{"line":66,"column":27}},"66":{"start":{"line":67,"column":0},"end":{"line":67,"column":18}},"67":{"start":{"line":68,"column":0},"end":{"line":68,"column":24}},"68":{"start":{"line":69,"column":0},"end":{"line":69,"column":23}},"69":{"start":{"line":70,"column":0},"end":{"line":70,"column":38}},"70":{"start":{"line":71,"column":0},"end":{"line":71,"column":19}},"71":{"start":{"line":72,"column":0},"end":{"line":72,"column":5}},"73":{"start":{"line":74,"column":0},"end":{"line":74,"column":40}},"74":{"start":{"line":75,"column":0},"end":{"line":75,"column":31}},"75":{"start":{"line":76,"column":0},"end":{"line":76,"column":39}},"76":{"start":{"line":77,"column":0},"end":{"line":77,"column":55}},"77":{"start":{"line":78,"column":0},"end":{"line":78,"column":50}},"78":{"start":{"line":79,"column":0},"end":{"line":79,"column":48}},"79":{"start":{"line":80,"column":0},"end":{"line":80,"column":4}},"81":{"start":{"line":82,"column":0},"end":{"line":82,"column":76}},"82":{"start":{"line":83,"column":0},"end":{"line":83,"column":62}},"83":{"start":{"line":84,"column":0},"end":{"line":84,"column":4}},"85":{"start":{"line":86,"column":0},"end":{"line":86,"column":69}},"86":{"start":{"line":87,"column":0},"end":{"line":87,"column":27}},"88":{"start":{"line":89,"column":0},"end":{"line":89,"column":23}},"89":{"start":{"line":90,"column":0},"end":{"line":90,"column":19}},"90":{"start":{"line":91,"column":0},"end":{"line":91,"column":29}},"91":{"start":{"line":92,"column":0},"end":{"line":92,"column":20}},"92":{"start":{"line":93,"column":0},"end":{"line":93,"column":12}},"93":{"start":{"line":94,"column":0},"end":{"line":94,"column":27}},"94":{"start":{"line":95,"column":0},"end":{"line":95,"column":18}},"95":{"start":{"line":96,"column":0},"end":{"line":96,"column":24}},"96":{"start":{"line":97,"column":0},"end":{"line":97,"column":23}},"97":{"start":{"line":98,"column":0},"end":{"line":98,"column":38}},"98":{"start":{"line":99,"column":0},"end":{"line":99,"column":19}},"99":{"start":{"line":100,"column":0},"end":{"line":100,"column":5}},"100":{"start":{"line":101,"column":0},"end":{"line":101,"column":23}},"101":{"start":{"line":102,"column":0},"end":{"line":102,"column":19}},"102":{"start":{"line":103,"column":0},"end":{"line":103,"column":28}},"103":{"start":{"line":104,"column":0},"end":{"line":104,"column":20}},"104":{"start":{"line":105,"column":0},"end":{"line":105,"column":12}},"105":{"start":{"line":106,"column":0},"end":{"line":106,"column":27}},"106":{"start":{"line":107,"column":0},"end":{"line":107,"column":18}},"107":{"start":{"line":108,"column":0},"end":{"line":108,"column":24}},"108":{"start":{"line":109,"column":0},"end":{"line":109,"column":23}},"109":{"start":{"line":110,"column":0},"end":{"line":110,"column":38}},"110":{"start":{"line":111,"column":0},"end":{"line":111,"column":19}},"111":{"start":{"line":112,"column":0},"end":{"line":112,"column":5}},"113":{"start":{"line":114,"column":0},"end":{"line"
[...]
,"/media/2TA/DevStuff/papad/papadam/ui/src/lib/events.ts": {"path":"/media/2TA/DevStuff/papad/papadam/ui/src/lib/events.ts","all":false,"statementMap":{"0":{"start":{"line":1,"column":0},"end":{"line":1,"column":3}},"19":{"start":{"line":20,"column":0},"end":{"line":20,"column":86}},"28":{"start":{"line":29,"column":0},"end":{"line":29,"column":24}},"29":{"start":{"line":30,"column":0},"end":{"line":30,"column":15}},"30":{"start":{"line":31,"column":0},"end":{"line":31,"column":39}},"31":{"start":{"line":32,"column":0},"end":{"line":32,"column":19}},"32":{"start":{"line":33,"column":0},"end":{"line":33,"column":14}},"33":{"start":{"line":34,"column":0},"end":{"line":34,"column":19}},"35":{"start":{"line":36,"column":0},"end":{"line":36,"column":38}},"36":{"start":{"line":37,"column":0},"end":{"line":37,"column":18}},"37":{"start":{"line":38,"column":0},"end":{"line":38,"column":8}},"38":{"start":{"line":39,"column":0},"end":{"line":39,"column":54}},"39":{"start":{"line":40,"column":0},"end":{"line":40,"column":26}},"40":{"start":{"line":41,"column":0},"end":{"line":41,"column":41}},"41":{"start":{"line":42,"column":0},"end":{"line":42,"column":12}},"43":{"start":{"line":44,"column":0},"end":{"line":44,"column":4}},"44":{"start":{"line":45,"column":0},"end":{"line":45,"column":22}},"45":{"start":{"line":46,"column":0},"end":{"line":46,"column":73}},"46":{"start":{"line":47,"column":0},"end":{"line":47,"column":3}},"47":{"start":{"line":48,"column":0},"end":{"line":48,"column":2}},"49":{"start":{"line":50,"column":0},"end":{"line":50,"column":12}},"50":{"start":{"line":51,"column":0},"end":{"line":51,"column":9}},"51":{"start":{"line":52,"column":0},"end":{"line":52,"column":10}},"52":{"start":{"line":53,"column":0},"end":{"line":53,"column":18}},"53":{"start":{"line":54,"column":0},"end":{"line":54,"column":3}},"54":{"start":{"line":55,"column":0},"end":{"line":55,"column":3}},"55":{"start":{"line":56,"column":0},"end":{"line":56,"column":1}}},"s":{"0":1,"19":1,"28":1,"29":6,"30":6,"31":6,"32":6,"33":6,"35":6,"36":6,"37":9,"38":9,"39":8,"40":8,"41":9,"43":1,"44":4,"45":4,"46":4,"47":6,"49":6,"50":6,"51":6,"52":1,"53":1,"54":6,"55":6},"branchMap":{"0":{"type":"branch","line":29,"loc":{"start":{"line":29,"column":7},"end":{"line":56,"column":1}},"locations":[{"start":{"line":29,"column":7},"end":{"line":56,"column":1}}]},"1":{"type":"branch","line":36,"loc":{"start":{"line":36,"column":1},"end":{"line":48,"column":2}},"locations":[{"start":{"line":36,"column":1},"end":{"line":48,"column":2}}]},"2":{"type":"branch","line":37,"loc":{"start":{"line":37,"column":17},"end":{"line":47,"column":3}},"locations":[{"start":{"line":37,"column":17},"end":{"line":47,"column":3}}]},"3":{"type":"branch","line":39,"loc":{"start":{"line":39,"column":52},"end":{"line":41,"column":41}},"locations":[{"start":{"line":39,"column":52},"end":{"line":41,"column":41}}]},"4":{"type":"branch","line":41,"loc":{"start":{"line":41,"column":35},"end":{"line":41,"column":41}},"locations":[{"start":{"line":41,"column":35},"end":{"line":41,"column":41}}]},"5":{"type":"branch","line":42,"loc":{"start":{"line":42,"column":3},"end":{"line":44,"column":4}},"locations":[{"start":{"line":42,"column":3},"end":{"line":44,"column":4}}]},"6":{"type":"branch","line":44,"loc":{"start":{"line":44,"column":3},"end":{"line":45,"column":22}},"locations":[{"start":{"line":44,"column":3},"end":{"line":45,"column":22}}]},"7":{"type":"branch","line":45,"loc":{"start":{"line":45,"column":16},"end":{"line":45,"column":22}},"locations":[{"start":{"line":45,"column":16},"end":{"line":45,"column":22}}]},"8":{"type":"branch","line":45,"loc":{"start":{"line":45,"column":16},"end":{"line":47,"column":3}},"locations":[{"start":{"line":45,"column":16},"end":{"line":47,"column":3}}]},"9":{"type":"branch","line":46,"loc":{"start":{"line":46,"column":27},"end":{"line":46,"column":71}},"locations":[{"start":{"line":46,"column":27},"end":{"line":46,"column":71}}]},"10":{"type":"branch","line":52,"loc":{"start":{"line":52,"column":2},"end":{"line":54,"column":3}},"locations":[{"start":{"line":52,"column":2},"end":{"line":54,"column":3}}]}},"b":{"0":[6],"1":[6],"2":[9],"3":[8],"4":[5],"5":[1],"6":[4],"7":[0],"8":[4],"9":[4],"10":[1]},"fnMap":{"0":{"name":"pollJob","decl":{"start":{"line":29,"column":7},"end":{"line":56,"column":1}},"loc":{"start":{"line":29,"column":7},"end":{"line":56,"column":1}},"line":29},"1":{"name":"run","decl":{"start":{"line":36,"column":1},"end":{"line":48,"column":2}},"loc":{"start":{"line":36,"column":1},"end":{"line":48,"column":2}},"line":36},"2":{"name":"stop","decl":{"start":{"line":52,"column":2},"end":{"line":54,"column":3}},"loc":{"start":{"line":52,"column":2},"end":{"line":54,"column":3}},"line":52}},"f":{"0":6,"1":6,"2":1}}
,"/media/2TA/DevStuff/papad/papadam/ui/src/lib/stores.test.ts": {"path":"/media/2TA/DevStuff/papad/papadam/ui/src/lib/stores.test.ts","all":false,"statementMap":{"0":{"start":{"line":1,"column":0},"end":{"line":1,"column":3}},"7":{"start":{"line":8,"column":0},"end":{"line":8,"column":58}},"8":{"start":{"line":9,"column":0},"end":{"line":9,"column":35}},"21":{"start":{"line":22,"column":0},"end":{"line":22,"column":21}},"24":{"start":{"line":25,"column":0},"end":{"line":25,"column":25}},"25":{"start":{"line":26,"column":0},"end":{"line":26,"column":9}},"26":{"start":{"line":27,"column":0},"end":{"line":27,"column":19}},"27":{"start":{"line":28,"column":0},"end":{"line":28,"column":21}},"28":{"start":{"line":29,"column":0},"end":{"line":29,"column":15}},"29":{"start":{"line":30,"column":0},"end":{"line":30,"column":2}},"31":{"start":{"line":32,"column":0},"end":{"line":32,"column":27}},"32":{"start":{"line":33,"column":0},"end":{"line":33,"column":7}},"33":{"start":{"line":34,"column":0},"end":{"line":34,"column":20}},"34":{"start":{"line":35,"column":0},"end":{"line":35,"column":21}},"35":{"start":{"line":36,"column":0},"end":{"line":36,"column":17}},"36":{"start":{"line":37,"column":0},"end":{"line":37,"column":17}},"37":{"start":{"line":38,"column":0},"end":{"line":38,"column":11}},"38":{"start":{"line":39,"column":0},"end":{"line":39,"column":27}},"39":{"start":{"line":40,"column":0},"end":{"line":40,"column":20}},"40":{"start":{"line":41,"column":0},"end":{"line":41,"column":36}},"41":{"start":{"line":42,"column":0},"end":{"line":42,"column":35}},"42":{"start":{"line":43,"column":0},"end":{"line":43,"column":2}},"44":{"start":{"line":45,"column":0},"end":{"line":45,"column":32}},"45":{"start":{"line":46,"column":0},"end":{"line":46,"column":7}},"46":{"start":{"line":47,"column":0},"end":{"line":47,"column":20}},"47":{"start":{"line":48,"column":0},"end":{"line":48,"column":20}},"48":{"start":{"line":49,"column":0},"end":{"line":49,"column":17}},"49":{"start":{"line":50,"column":0},"end":{"line":50,"column":14}},"50":{"start":{"line":51,"column":0},"end":{"line":51,"column":10}},"51":{"start":{"line":52,"column":0},"end":{"line":52,"column":18}},"52":{"start":{"line":53,"column":0},"end":{"line":53,"column":19}},"53":{"start":{"line":54,"column":0},"end":{"line":54,"column":23}},"54":{"start":{"line":55,"column":0},"end":{"line":55,"column":14}},"55":{"start":{"line":56,"column":0},"end":{"line":56,"column":23}},"56":{"start":{"line":57,"column":0},"end":{"line":57,"column":43}},"57":{"start":{"line":58,"column":0},"end":{"line":58,"column":36}},"58":{"start":{"line":59,"column":0},"end":{"line":59,"column":36}},"59":{"start":{"line":60,"column":0},"end":{"line":60,"column":17}},"60":{"start":{"line":61,"column":0},"end":{"line":61,"column":2}},"62":{"start":{"line":63,"column":0},"end":{"line":63,"column":31}},"63":{"start":{"line":64,"column":0},"end":{"line":64,"column":19}},"64":{"start":{"line":65,"column":0},"end":{"line":65,"column":24}},"65":{"start":{"line":66,"column":0},"end":{"line":66,"column":4}},"67":{"start":{"line":68,"column":0},"end":{"line":68,"column":38}},"68":{"start":{"line":69,"column":0},"end":{"line":69,"column":38}},"69":{"start":{"line":70,"column":0},"end":{"line":70,"column":4}},"71":{"start":{"line":72,"column":0},"end":{"line":72,"column":52}},"72":{"start":{"line":73,"column":0},"end":{"line":73,"column":43}},"73":{"start":{"line":74,"column":0},"end":{"line":74,"column":4}},"75":{"start":{"line":76,"column":0},"end":{"line":76,"column":55}},"76":{"start":{"line":77,"column":0},"end":{"line":77,"column":29}},"77":{"start":{"line":78,"column":0},"end":{"line":78,"column":42}},"78":{"start":{"line":79,"column":0},"end":{"line":79,"column":4}},"80":{"start":{"line":81,"column":0},"end":{"line":81,"column":65}},"81":{"start":{"line":82,"column":0},"end":{"line":82,"column":29}},"82":{"start":{"line":83,"column":0},"end":{"line":83,"column":24}},"83":{"start":{"line":84,"column":0},"end":{"line":84,"column":43}},"84":{"start":{"line":85,"column":0},"end":{"line":85,"column":4}},"85":{"start":{"line":86,"column":0},"end":{"line":86,"column":3}},"87":{"start":{"line":88,"column":0},"end":{"line":88,"column":32}},"88":{"start":{"line":89,"column":0},"end":{"line":89,"column":19}},"89":{"start":{"line":90,"column":0},"end":{"line":90,"column":26}},"90":{"start":{"line":91,"column":0},"end":{"line":91,"column":25}},"91":{"start":{"line":92,"column":0},"end":{"line":92,"column":4}},"93":{"start":{"line":94,"column":0},"end":{"line":94,"column":40}},"94":{"start":{"line":95,"column":0},"end":{"line":95,"column":40}},"95":{"start":{"line":96,"column":0},"end":{"line":96,"column":4}},"97":{"start":{"line":98,"column":0},"end":{"line":98,"column":62}},"98":{"start":{"line":99,"column":0},"end":{"line":99,"column":32}},"99":{"start":{"line":100,"column":0},"end":{"line":100,"column":56}},"101":{"start":{"line":102,"column":0},"end":{"line":102,"column":33}},"102":{"start":{"line":103,"column":0},"end":{"line":103,"column":40}},"103":{"start":{"line":104,"column":0},"end":{"line":104,"column":4}},"105":{"start":{"line":106,"column":0},"end":{"line":106,"column":42}},"106":{"start":{"line":107,"column":0},"end":{"line":107,"column":42}},"107":{"start":{"line":108,"column":0},"end":{"line":108,"column":4}},"109":{"start":{"line":110,"column":0},"end":{"line":110,"column":61}},"110":{"start":{"line":111,"column":0},"end":{"line":111,"column":35}},"111":{"start":{"line":112,"column":0},"end":{"line":112,"column":56}},"113":{"start":{"line":114,"column":0},"end":{"line":114,"column":29}},"114":{"start":{"line":115,"column":0},"end":{"line":115,"column":42}},"115":{"start":{"line":116,"column":0},"end":{"line":116,"column":4}},"116":{"start":{"line":117,"column":0},"end":{"line":117,"column":3}},"118":{"start":{"line":119,"column":0},"end":{"line":119,"column":35}},"119":{"start":{"line":120,"column":0},"end":{"line":120,"column":19}},"120":{"start":{"line":121,"column":0},"end":{"line":121,"column":26}},"121":{"start":{"line":122,"column":0},"end":{"line":122,"column":34}},"122":{"start":{"line":123,"column":0},"end":{"line":123,"column":26}},"123":{"start":{"line":124,"column":0},"end":{"line":124,"column":4}},"125":{"start":{"line":126,"column":0},"end":{"line":126,"column":40}},"126":{"start":{"line":127,"column":0},"end":{"line":127,"column":40}},"127":{"start":{"line":128,"column":0},"end":{"line":128,"column":4}},"129":{"start":{"line":130,"column":0},"end":{"line":130,"column":48}},"130":{"start":{"line":131,"column":0},"end":{"line":131,"column":48}},"131":{"start":{"line":132,"column":0},"end":{"line":132,"column":4}},"133":{"start":{"line":134,"column":0},"end":{"line":134,"column":43}},"134":{"start":{"line":135,"column":0},"end":{"line":135,"column":40}},"135":{"start":{"line":136,"column":0},"end":{"line":136,"column":4}},"137":{"start":{"line":138,"column":0},"end":{"line":138,"column":46}},"138":{"start":{"line":139,"column":0},"end":{"line":139,"column":29}},"139":{"start":{"line":140,"column":0},"end":{"line":140,"column":43}},"140":{"start":{"line":141,"column":0},"end":{"line":141,"column":4}},"141":{"start":{"line":142,"column":0},"end":{"line":142,"column":3}},"143":{"start":{"line":144,"column":0},"end":{"line":144,"column":32}},"144":{"start":{"line":145,"column":0},"end":{"line":145,"column":19}},"145":{"start":{"line":146,"column":0},"end":{"line":146,"column":31}},"146":{"start":{"line":147,"column":0},"end":{"line":147,"column":33}},"147":{"start":{"line":148,"column":0},"end":{"line":148,"column":4}},"149":{"start":{"line":150,"column":0},"end":{"line":150,"column":45}},"150":{"start":{"line":151,"column":0},"end":{"line":151,"column":45}},"151":{"start":{"line":152,"column":0},"end":{"line":152,"column":4}},"153":{"start":{"line":154,"column":0},"end":{"line":154,"column":47}},"154":{"start":{"line":155,"column":0},"end":{"line":155,"column":47}},"155":{"start":{"line":156,"column":0},"end":{"line":156,"column":4}},"156":{"start":{"line":157,"column":0},"end":{"line":157,"column":3}}},"s":{"0":1,"7":1,"8":1,"21":1,"24":1,"25":1,"26":1,"27":1,"28":1,"29":1,"31":1,"32":1,"33":1,"34":1,"35":1,"36":1,"37":1,"38":1,"39":1,"40":1,"41":1,"42":1,"44":1,"45":1,"46":1,"47":1,"48":1,"49":1,"50":1,"51":1,"52":1,"53":1,"54":1,"55":1,"56":1,"57":1,"58":1,"59":1,"60":1,"62":1,"63":1,"64":4,"65":1,"67":1,"68":1,"69":1,"71":1,"72":1,"73":1,"75":1,"76":1,"77":1,"78":1,"80":1,"81":1,"82":1,"83":1,"84":1,"85":1,"87":1,"88":1,"89":4,"90":4,"91":1,"93":1,"94":1,"95":1,"97":1,"98":1,"99":1,"101":1,"102":1,"103":1,"105":1,"106":1,"107":1,"109":1,"110":1,"111":1,"113":1,"114":1,"115":1,"116":1,"118":1,"119":1,"120":4,"121":4,"122":4,"123":1,"125":1,"126":1,"127":1,"129":1,"130":1,"131":1,"133":1,"134":1,"135":1,"137":1,"138":1,"139":1,"140":1,"141":1,"143":1,"144":1,"145":2,"146":2,"147":1,"149":1,"150":1,"151":1,"153":1,"154":1,"155":1,"156":1},"branchMap":{"0":{"type":"branch","line":63,"loc":{"start":{"line":63,"column":24},"end":{"line":86,"column":3}},"locations":[{"start":{"line":63,"column":24},"end":{"line":86,"column":3}}]},"1":{"type":"branch","line":64,"loc":{"start":{"line":64,"column":12},"end":{"line":66,"column":2}},"locations":[{"start":{"line":64,"column":12},"end":{"line":66,"column":2}}]},"2":{"type":"branch","line":68,"loc":{"start":{"line":68,"column":31},"end":{"line":70,"column":2}},"locations":[{"start":{"line":68,"column":31},"end":{"line":70,"column":2}}]},"3":{"type":"branch","line":72,"loc":{"start":{"line":72,"column":45},"end":{"line":74,"column":2}},"locations":[{"start":{"line":72,"column":45},"end":{"line":74,"column":2}}]},"4":{"type":"branch","line":76,"loc":{"start":{"line":76,"column":48},"end":{"line":79,"column":2}},"locations":[{"start":{"line":76,"column":48},"end":{"line":79,"column":2}}]},"5":{"type":"branch","line":81,"loc":{"start":{"line":81,"column":58},"end":{"line":85,"column":2}},"locations":[{"start":{"line":81,"column":58},"end":{"line":85,"column":2}}]},"6":{"type":"branch","line":88,"loc":{"start":{"line":88,"column":25},"end":{"line":117,"column":3}},"locations":[{"start":{"line":88,"column":25},"end":{"line":117,"column":3}}]},"7":{"type":"branch","line":89,"loc":{"start":{"line":89,"column":12},"end":{"line":92,"column":2}},"locations":[{"start":{"line":89,"column":12},"end":{"line":92,"column":2}}]},"8":{"type":"branch","line":94,"loc":{"start":{"line":94,"column":33},"end":{"line":96,"column":2}},"locations":[{"start":{"line":94,"column":33},"end":{"line":96,"column":2}}]},"9":{"type":"branch","line":98,"loc":{"start":{"line":98,"column":55},"end":{"line":104,"column":2}},"locations":[{"start":{"line":98,"column":55},"end":{"line":104,"column":2}}]},"10":{"type":"branch","line":106,"loc":{"start":{"line":106,"column":35},"end":{"line":108,"column":2}},"locations":[{"start":{"line":106,"column":35},"end":{"line":108,"column":2}}]},"11":{"type":"branch","line":110,"loc":{"start":{"line":110,"column":54},"end":{"line":116,"column":2}},"locations":[{"start":{"line":110,"column":54},"end":{"line":116,"column":2}}]},"12":{"type":"branch","line":119,"loc":{"start":{"line":119,"column":28},"end":{"line":142,"column":3}},"locations":[{"start":{"line":119,"column":28},"end":{"line":142,"column":3}}]},"13":{"type":"branch","line":120,"loc":{"start":{"line":120,"column":12},"end":{"line":124,"column":2}},"locations":[{"start":{"line":120,"column":12},"end":{"line":124,"column":2}}]},"14":{"type":"branch","line":126,"loc":{"start":{"line":126,"column":33},"end":{"line":128,"column":2}},"locations":[{"start":{"line":126,"column":33},"end":{"line":128,"column":2}}]},"15":{"type":"branch","line":130,"loc":{"start":{"line":130,"column":41},"end":{"line":132,"column":2}},"locations":[{"start":{"line":130,"column":41},"end":{"line":132,"column":2}}]},"16":{"type":"branch","line":134,"loc":{"start":{"line":134,"column":36},"end":{"line":136,"column":2}},"locations":[{"start":{"line":134,"column":36},"end":{"line":136,"column":2}}]},"17":{"type":"branch","line":138,"loc":{"start":{"line":138,"column":39},"end":{"line":141,"column":2}},"locations":[{"start":{"line":138,"column":39},"end":{"line":141,"column":2}}]},"18":{"type":"branch","line":144,"loc":{"start":{"line":144,"column":25},"end":{"line":157,"column":3}},"locations":[{"start":{"line":144,"column":25},"end":{"line":157,"column":3}}]},"19":{"type":"branch","line":145,"loc":{"start":{"line":145,"column":12},"end":{"line":148,"column":2}},"locations":[{"start":{"line":145,"column":12},"end":{"line":148,"column":2}}]},"20":{"type":"branch","line":150,"loc":{"start":{"line":150,"column":38},"end":{"line":152,"column":2}},"locations":[{"start":{"line":150,"column":38},"end":{"line":152,"column":2}}]},"21":{"type":"branch","line":154,"loc":{"start":{"line":154,"column":40},"end":{"line":156,"column":2}},"locations":[{"start":{"line":154,"column":40},"end":{"line":156,"column":2}}]}},"b":{"0":[1],"1":[4],"2":[1],"3":[1],"4":[1],"5":[1],"6":[1],"7":[4],"8":[1],"9":[1],"10":[1],"11":[1],"12":[1],"13":[4],"14":[1],"15":[1],"16":[1],"17":[1],"18":[1],"19":[2],"20":[1],"21":[1]},"fnMap":{},"f":{}}
,"/media/2TA/DevStuff/papad/papadam/ui/src/lib/stores.ts": {"path":"/media/2TA/DevStuff/papad/papadam/ui/src/lib/stores.ts","all":false,"statementMap":{"0":{"start":{"line":1,"column":0},"end":{"line":1,"column":3}},"16":{"start":{"line":17,"column":0},"end":{"line":17,"column":55}},"19":{"start":{"line":20,"column":0},"end":{"line":20,"column":51}},"20":{"start":{"line":21,"column":0},"end":{"line":21,"column":82}},"21":{"start":{"line":22,"column":0},"end":{"line":22,"column":2}},"24":{"start":{"line":25,"column":0},"end":{"line":25,"column":73}},"29":{"start":{"line":30,"column":0},"end":{"line":30,"column":58}},"32":{"start":{"line":33,"column":0},"end":{"line":33,"column":50}},"40":{"start":{"line":41,"column":0},"end":{"line":41,"column":57}},"46":{"start":{"line":47,"column":0},"end":{"line":47,"column":49}},"51":{"start":{"line":52,"column":0},"end":{"line":52,"column":63}},"57":{"start":{"line":58,"column":0},"end":{"line":58,"column":67}},"63":{"start":{"line":64,"column":0},"end":{"line":64,"column":52}},"67":{"start":{"line":68,"column":0},"end":{"line":68,"column":58}},"68":{"start":{"line":69,"column":0},"end":{"line":69,"column":60}},"69":{"start":{"line":70,"column":0},"end":{"line":70,"column":61}}},"s":{"0":1,"16":1,"19":1,"20":1,"21":1,"24":1,"29":1,"32":1,"40":1,"46":1,"51":1,"57":1,"63":1,"67":1,"68":1,"69":1},"branchMap":{"0":{"type":"branch","line":21,"loc":{"start":{"line":21,"column":74},"end":{"line":21,"column":82}},"locations":[{"start":{"line":21,"column":74},"end":{"line":21,"column":82}}]},"1":{"type":"branch","line":25,"loc":{"start":{"line":25,"column":52},"end":{"line":25,"column":71}},"locations":[{"start":{"line":25,"column":52},"end":{"line":25,"column":71}}]}},"b":{"0":[0],"1":[3]},"fnMap":{},"f":{}}
}
